--------------------------------------------------------------------------------
Release 14.6 Trace  (lin64)
Copyright (c) 1995-2013 Xilinx, Inc.  All rights reserved.

/opt/Xilinx/14.6/ISE_DS/ISE/bin/lin64/unwrapped/trce -v 3 -s 1 -n 10 -fastpaths
-xml Adder.twx Adder.ncd -o Adder.twr Adder.pcf

Design file:              Adder.ncd
Physical constraint file: Adder.pcf
Device,package,speed:     xc5vlx110t,ff1136,-1 (PRODUCTION 1.73 2013-06-08, STEPPING level 0)
Report level:             verbose report

Environment Variable      Effect 
--------------------      ------ 
NONE                      No environment variables were set
--------------------------------------------------------------------------------

INFO:Timing:2698 - No timing constraints found, doing default enumeration.
INFO:Timing:3412 - To improve timing, see the Timing Closure User Guide (UG612).
INFO:Timing:2752 - To get complete path coverage, use the unconstrained paths 
   option. All paths that are not constrained will be reported in the 
   unconstrained paths section(s) of the report.
INFO:Timing:3339 - The clock-to-out numbers in this timing report are based on 
   a 50 Ohm transmission line loading model.  For the details of this model, 
   and for more information on accounting for different loading conditions, 
   please see the device datasheet.



Data Sheet report:
-----------------
All values displayed in nanoseconds (ns)

Pad to Pad
---------------+---------------+---------+
Source Pad     |Destination Pad|  Delay  |
---------------+---------------+---------+
A<0>           |Cout           |   15.494|
A<0>           |Result<0>      |    6.538|
A<0>           |Result<1>      |    6.762|
A<0>           |Result<2>      |    7.497|
A<0>           |Result<3>      |    8.026|
A<0>           |Result<4>      |    7.947|
A<0>           |Result<5>      |    8.521|
A<0>           |Result<6>      |    8.642|
A<0>           |Result<7>      |    8.603|
A<0>           |Result<8>      |    8.740|
A<0>           |Result<9>      |    8.991|
A<0>           |Result<10>     |    8.691|
A<0>           |Result<11>     |   10.037|
A<0>           |Result<12>     |   10.975|
A<0>           |Result<13>     |    9.907|
A<0>           |Result<14>     |   10.657|
A<0>           |Result<15>     |   10.831|
A<0>           |Result<16>     |   10.617|
A<0>           |Result<17>     |   11.552|
A<0>           |Result<18>     |   12.423|
A<0>           |Result<19>     |   11.857|
A<0>           |Result<20>     |   12.639|
A<0>           |Result<21>     |   12.827|
A<0>           |Result<22>     |   13.336|
A<0>           |Result<23>     |   13.774|
A<0>           |Result<24>     |   14.497|
A<0>           |Result<25>     |   13.943|
A<0>           |Result<26>     |   14.727|
A<0>           |Result<27>     |   14.953|
A<0>           |Result<28>     |   14.417|
A<0>           |Result<29>     |   14.716|
A<0>           |Result<30>     |   14.802|
A<0>           |Result<31>     |   14.896|
A<1>           |Cout           |   15.512|
A<1>           |Result<1>      |    6.857|
A<1>           |Result<2>      |    7.511|
A<1>           |Result<3>      |    8.044|
A<1>           |Result<4>      |    7.965|
A<1>           |Result<5>      |    8.539|
A<1>           |Result<6>      |    8.660|
A<1>           |Result<7>      |    8.621|
A<1>           |Result<8>      |    8.758|
A<1>           |Result<9>      |    9.009|
A<1>           |Result<10>     |    8.709|
A<1>           |Result<11>     |   10.055|
A<1>           |Result<12>     |   10.993|
A<1>           |Result<13>     |    9.925|
A<1>           |Result<14>     |   10.675|
A<1>           |Result<15>     |   10.849|
A<1>           |Result<16>     |   10.635|
A<1>           |Result<17>     |   11.570|
A<1>           |Result<18>     |   12.441|
A<1>           |Result<19>     |   11.875|
A<1>           |Result<20>     |   12.657|
A<1>           |Result<21>     |   12.845|
A<1>           |Result<22>     |   13.354|
A<1>           |Result<23>     |   13.792|
A<1>           |Result<24>     |   14.515|
A<1>           |Result<25>     |   13.961|
A<1>           |Result<26>     |   14.745|
A<1>           |Result<27>     |   14.971|
A<1>           |Result<28>     |   14.435|
A<1>           |Result<29>     |   14.734|
A<1>           |Result<30>     |   14.820|
A<1>           |Result<31>     |   14.914|
A<2>           |Cout           |   15.028|
A<2>           |Result<2>      |    7.050|
A<2>           |Result<3>      |    7.560|
A<2>           |Result<4>      |    7.481|
A<2>           |Result<5>      |    8.055|
A<2>           |Result<6>      |    8.176|
A<2>           |Result<7>      |    8.137|
A<2>           |Result<8>      |    8.274|
A<2>           |Result<9>      |    8.525|
A<2>           |Result<10>     |    8.225|
A<2>           |Result<11>     |    9.571|
A<2>           |Result<12>     |   10.509|
A<2>           |Result<13>     |    9.441|
A<2>           |Result<14>     |   10.191|
A<2>           |Result<15>     |   10.365|
A<2>           |Result<16>     |   10.151|
A<2>           |Result<17>     |   11.086|
A<2>           |Result<18>     |   11.957|
A<2>           |Result<19>     |   11.391|
A<2>           |Result<20>     |   12.173|
A<2>           |Result<21>     |   12.361|
A<2>           |Result<22>     |   12.870|
A<2>           |Result<23>     |   13.308|
A<2>           |Result<24>     |   14.031|
A<2>           |Result<25>     |   13.477|
A<2>           |Result<26>     |   14.261|
A<2>           |Result<27>     |   14.487|
A<2>           |Result<28>     |   13.951|
A<2>           |Result<29>     |   14.250|
A<2>           |Result<30>     |   14.336|
A<2>           |Result<31>     |   14.430|
A<3>           |Cout           |   15.505|
A<3>           |Result<3>      |    7.654|
A<3>           |Result<4>      |    7.579|
A<3>           |Result<5>      |    8.532|
A<3>           |Result<6>      |    8.653|
A<3>           |Result<7>      |    8.614|
A<3>           |Result<8>      |    8.751|
A<3>           |Result<9>      |    9.002|
A<3>           |Result<10>     |    8.702|
A<3>           |Result<11>     |   10.048|
A<3>           |Result<12>     |   10.986|
A<3>           |Result<13>     |    9.918|
A<3>           |Result<14>     |   10.668|
A<3>           |Result<15>     |   10.842|
A<3>           |Result<16>     |   10.628|
A<3>           |Result<17>     |   11.563|
A<3>           |Result<18>     |   12.434|
A<3>           |Result<19>     |   11.868|
A<3>           |Result<20>     |   12.650|
A<3>           |Result<21>     |   12.838|
A<3>           |Result<22>     |   13.347|
A<3>           |Result<23>     |   13.785|
A<3>           |Result<24>     |   14.508|
A<3>           |Result<25>     |   13.954|
A<3>           |Result<26>     |   14.738|
A<3>           |Result<27>     |   14.964|
A<3>           |Result<28>     |   14.428|
A<3>           |Result<29>     |   14.727|
A<3>           |Result<30>     |   14.813|
A<3>           |Result<31>     |   14.907|
A<4>           |Cout           |   14.992|
A<4>           |Result<4>      |    6.654|
A<4>           |Result<5>      |    8.019|
A<4>           |Result<6>      |    8.140|
A<4>           |Result<7>      |    8.101|
A<4>           |Result<8>      |    8.238|
A<4>           |Result<9>      |    8.489|
A<4>           |Result<10>     |    8.189|
A<4>           |Result<11>     |    9.535|
A<4>           |Result<12>     |   10.473|
A<4>           |Result<13>     |    9.405|
A<4>           |Result<14>     |   10.155|
A<4>           |Result<15>     |   10.329|
A<4>           |Result<16>     |   10.115|
A<4>           |Result<17>     |   11.050|
A<4>           |Result<18>     |   11.921|
A<4>           |Result<19>     |   11.355|
A<4>           |Result<20>     |   12.137|
A<4>           |Result<21>     |   12.325|
A<4>           |Result<22>     |   12.834|
A<4>           |Result<23>     |   13.272|
A<4>           |Result<24>     |   13.995|
A<4>           |Result<25>     |   13.441|
A<4>           |Result<26>     |   14.225|
A<4>           |Result<27>     |   14.451|
A<4>           |Result<28>     |   13.915|
A<4>           |Result<29>     |   14.214|
A<4>           |Result<30>     |   14.300|
A<4>           |Result<31>     |   14.394|
A<5>           |Cout           |   14.909|
A<5>           |Result<5>      |    7.904|
A<5>           |Result<6>      |    8.053|
A<5>           |Result<7>      |    8.018|
A<5>           |Result<8>      |    8.155|
A<5>           |Result<9>      |    8.406|
A<5>           |Result<10>     |    8.106|
A<5>           |Result<11>     |    9.452|
A<5>           |Result<12>     |   10.390|
A<5>           |Result<13>     |    9.322|
A<5>           |Result<14>     |   10.072|
A<5>           |Result<15>     |   10.246|
A<5>           |Result<16>     |   10.032|
A<5>           |Result<17>     |   10.967|
A<5>           |Result<18>     |   11.838|
A<5>           |Result<19>     |   11.272|
A<5>           |Result<20>     |   12.054|
A<5>           |Result<21>     |   12.242|
A<5>           |Result<22>     |   12.751|
A<5>           |Result<23>     |   13.189|
A<5>           |Result<24>     |   13.912|
A<5>           |Result<25>     |   13.358|
A<5>           |Result<26>     |   14.142|
A<5>           |Result<27>     |   14.368|
A<5>           |Result<28>     |   13.832|
A<5>           |Result<29>     |   14.131|
A<5>           |Result<30>     |   14.217|
A<5>           |Result<31>     |   14.311|
A<6>           |Cout           |   14.246|
A<6>           |Result<6>      |    7.373|
A<6>           |Result<7>      |    7.355|
A<6>           |Result<8>      |    7.492|
A<6>           |Result<9>      |    7.743|
A<6>           |Result<10>     |    7.443|
A<6>           |Result<11>     |    8.789|
A<6>           |Result<12>     |    9.727|
A<6>           |Result<13>     |    8.659|
A<6>           |Result<14>     |    9.409|
A<6>           |Result<15>     |    9.583|
A<6>           |Result<16>     |    9.369|
A<6>           |Result<17>     |   10.304|
A<6>           |Result<18>     |   11.175|
A<6>           |Result<19>     |   10.609|
A<6>           |Result<20>     |   11.391|
A<6>           |Result<21>     |   11.579|
A<6>           |Result<22>     |   12.088|
A<6>           |Result<23>     |   12.526|
A<6>           |Result<24>     |   13.249|
A<6>           |Result<25>     |   12.695|
A<6>           |Result<26>     |   13.479|
A<6>           |Result<27>     |   13.705|
A<6>           |Result<28>     |   13.169|
A<6>           |Result<29>     |   13.468|
A<6>           |Result<30>     |   13.554|
A<6>           |Result<31>     |   13.648|
A<7>           |Cout           |   14.025|
A<7>           |Result<7>      |    6.729|
A<7>           |Result<8>      |    6.246|
A<7>           |Result<9>      |    7.522|
A<7>           |Result<10>     |    7.222|
A<7>           |Result<11>     |    8.568|
A<7>           |Result<12>     |    9.506|
A<7>           |Result<13>     |    8.438|
A<7>           |Result<14>     |    9.188|
A<7>           |Result<15>     |    9.362|
A<7>           |Result<16>     |    9.148|
A<7>           |Result<17>     |   10.083|
A<7>           |Result<18>     |   10.954|
A<7>           |Result<19>     |   10.388|
A<7>           |Result<20>     |   11.170|
A<7>           |Result<21>     |   11.358|
A<7>           |Result<22>     |   11.867|
A<7>           |Result<23>     |   12.305|
A<7>           |Result<24>     |   13.028|
A<7>           |Result<25>     |   12.474|
A<7>           |Result<26>     |   13.258|
A<7>           |Result<27>     |   13.484|
A<7>           |Result<28>     |   12.948|
A<7>           |Result<29>     |   13.247|
A<7>           |Result<30>     |   13.333|
A<7>           |Result<31>     |   13.427|
A<8>           |Cout           |   13.726|
A<8>           |Result<8>      |    6.446|
A<8>           |Result<9>      |    7.223|
A<8>           |Result<10>     |    6.923|
A<8>           |Result<11>     |    8.269|
A<8>           |Result<12>     |    9.207|
A<8>           |Result<13>     |    8.139|
A<8>           |Result<14>     |    8.889|
A<8>           |Result<15>     |    9.063|
A<8>           |Result<16>     |    8.849|
A<8>           |Result<17>     |    9.784|
A<8>           |Result<18>     |   10.655|
A<8>           |Result<19>     |   10.089|
A<8>           |Result<20>     |   10.871|
A<8>           |Result<21>     |   11.059|
A<8>           |Result<22>     |   11.568|
A<8>           |Result<23>     |   12.006|
A<8>           |Result<24>     |   12.729|
A<8>           |Result<25>     |   12.175|
A<8>           |Result<26>     |   12.959|
A<8>           |Result<27>     |   13.185|
A<8>           |Result<28>     |   12.649|
A<8>           |Result<29>     |   12.948|
A<8>           |Result<30>     |   13.034|
A<8>           |Result<31>     |   13.128|
A<9>           |Cout           |   13.933|
A<9>           |Result<9>      |    7.009|
A<9>           |Result<10>     |    7.510|
A<9>           |Result<11>     |    8.476|
A<9>           |Result<12>     |    9.414|
A<9>           |Result<13>     |    8.346|
A<9>           |Result<14>     |    9.096|
A<9>           |Result<15>     |    9.270|
A<9>           |Result<16>     |    9.056|
A<9>           |Result<17>     |    9.991|
A<9>           |Result<18>     |   10.862|
A<9>           |Result<19>     |   10.296|
A<9>           |Result<20>     |   11.078|
A<9>           |Result<21>     |   11.266|
A<9>           |Result<22>     |   11.775|
A<9>           |Result<23>     |   12.213|
A<9>           |Result<24>     |   12.936|
A<9>           |Result<25>     |   12.382|
A<9>           |Result<26>     |   13.166|
A<9>           |Result<27>     |   13.392|
A<9>           |Result<28>     |   12.856|
A<9>           |Result<29>     |   13.155|
A<9>           |Result<30>     |   13.241|
A<9>           |Result<31>     |   13.335|
A<10>          |Cout           |   12.646|
A<10>          |Result<10>     |    6.574|
A<10>          |Result<11>     |    6.574|
A<10>          |Result<12>     |    8.127|
A<10>          |Result<13>     |    7.059|
A<10>          |Result<14>     |    7.809|
A<10>          |Result<15>     |    7.983|
A<10>          |Result<16>     |    7.769|
A<10>          |Result<17>     |    8.704|
A<10>          |Result<18>     |    9.575|
A<10>          |Result<19>     |    9.009|
A<10>          |Result<20>     |    9.791|
A<10>          |Result<21>     |    9.979|
A<10>          |Result<22>     |   10.488|
A<10>          |Result<23>     |   10.926|
A<10>          |Result<24>     |   11.649|
A<10>          |Result<25>     |   11.095|
A<10>          |Result<26>     |   11.879|
A<10>          |Result<27>     |   12.105|
A<10>          |Result<28>     |   11.569|
A<10>          |Result<29>     |   11.868|
A<10>          |Result<30>     |   11.954|
A<10>          |Result<31>     |   12.048|
A<11>          |Cout           |   12.374|
A<11>          |Result<11>     |    6.066|
A<11>          |Result<12>     |    7.855|
A<11>          |Result<13>     |    6.787|
A<11>          |Result<14>     |    7.537|
A<11>          |Result<15>     |    7.711|
A<11>          |Result<16>     |    7.497|
A<11>          |Result<17>     |    8.432|
A<11>          |Result<18>     |    9.303|
A<11>          |Result<19>     |    8.737|
A<11>          |Result<20>     |    9.519|
A<11>          |Result<21>     |    9.707|
A<11>          |Result<22>     |   10.216|
A<11>          |Result<23>     |   10.654|
A<11>          |Result<24>     |   11.377|
A<11>          |Result<25>     |   10.823|
A<11>          |Result<26>     |   11.607|
A<11>          |Result<27>     |   11.833|
A<11>          |Result<28>     |   11.297|
A<11>          |Result<29>     |   11.596|
A<11>          |Result<30>     |   11.682|
A<11>          |Result<31>     |   11.776|
A<12>          |Cout           |   12.229|
A<12>          |Result<12>     |    7.128|
A<12>          |Result<13>     |    6.935|
A<12>          |Result<14>     |    7.392|
A<12>          |Result<15>     |    7.566|
A<12>          |Result<16>     |    7.352|
A<12>          |Result<17>     |    8.287|
A<12>          |Result<18>     |    9.158|
A<12>          |Result<19>     |    8.592|
A<12>          |Result<20>     |    9.374|
A<12>          |Result<21>     |    9.562|
A<12>          |Result<22>     |   10.071|
A<12>          |Result<23>     |   10.509|
A<12>          |Result<24>     |   11.232|
A<12>          |Result<25>     |   10.678|
A<12>          |Result<26>     |   11.462|
A<12>          |Result<27>     |   11.688|
A<12>          |Result<28>     |   11.152|
A<12>          |Result<29>     |   11.451|
A<12>          |Result<30>     |   11.537|
A<12>          |Result<31>     |   11.631|
A<13>          |Cout           |   12.482|
A<13>          |Result<13>     |    6.761|
A<13>          |Result<14>     |    7.645|
A<13>          |Result<15>     |    7.819|
A<13>          |Result<16>     |    7.605|
A<13>          |Result<17>     |    8.540|
A<13>          |Result<18>     |    9.411|
A<13>          |Result<19>     |    8.845|
A<13>          |Result<20>     |    9.627|
A<13>          |Result<21>     |    9.815|
A<13>          |Result<22>     |   10.324|
A<13>          |Result<23>     |   10.762|
A<13>          |Result<24>     |   11.485|
A<13>          |Result<25>     |   10.931|
A<13>          |Result<26>     |   11.715|
A<13>          |Result<27>     |   11.941|
A<13>          |Result<28>     |   11.405|
A<13>          |Result<29>     |   11.704|
A<13>          |Result<30>     |   11.790|
A<13>          |Result<31>     |   11.884|
A<14>          |Cout           |   11.304|
A<14>          |Result<14>     |    6.476|
A<14>          |Result<15>     |    7.015|
A<14>          |Result<16>     |    6.427|
A<14>          |Result<17>     |    7.362|
A<14>          |Result<18>     |    8.233|
A<14>          |Result<19>     |    7.667|
A<14>          |Result<20>     |    8.449|
A<14>          |Result<21>     |    8.637|
A<14>          |Result<22>     |    9.146|
A<14>          |Result<23>     |    9.584|
A<14>          |Result<24>     |   10.307|
A<14>          |Result<25>     |    9.753|
A<14>          |Result<26>     |   10.537|
A<14>          |Result<27>     |   10.763|
A<14>          |Result<28>     |   10.227|
A<14>          |Result<29>     |   10.526|
A<14>          |Result<30>     |   10.612|
A<14>          |Result<31>     |   10.706|
A<15>          |Cout           |   12.365|
A<15>          |Result<15>     |    7.104|
A<15>          |Result<16>     |    7.488|
A<15>          |Result<17>     |    8.423|
A<15>          |Result<18>     |    9.294|
A<15>          |Result<19>     |    8.728|
A<15>          |Result<20>     |    9.510|
A<15>          |Result<21>     |    9.698|
A<15>          |Result<22>     |   10.207|
A<15>          |Result<23>     |   10.645|
A<15>          |Result<24>     |   11.368|
A<15>          |Result<25>     |   10.814|
A<15>          |Result<26>     |   11.598|
A<15>          |Result<27>     |   11.824|
A<15>          |Result<28>     |   11.288|
A<15>          |Result<29>     |   11.587|
A<15>          |Result<30>     |   11.673|
A<15>          |Result<31>     |   11.767|
A<16>          |Cout           |   10.578|
A<16>          |Result<16>     |    6.311|
A<16>          |Result<17>     |    6.139|
A<16>          |Result<18>     |    7.507|
A<16>          |Result<19>     |    6.941|
A<16>          |Result<20>     |    7.723|
A<16>          |Result<21>     |    7.911|
A<16>          |Result<22>     |    8.420|
A<16>          |Result<23>     |    8.858|
A<16>          |Result<24>     |    9.581|
A<16>          |Result<25>     |    9.027|
A<16>          |Result<26>     |    9.811|
A<16>          |Result<27>     |   10.037|
A<16>          |Result<28>     |    9.501|
A<16>          |Result<29>     |    9.800|
A<16>          |Result<30>     |    9.886|
A<16>          |Result<31>     |    9.980|
A<17>          |Cout           |   10.086|
A<17>          |Result<17>     |    6.479|
A<17>          |Result<18>     |    7.015|
A<17>          |Result<19>     |    6.449|
A<17>          |Result<20>     |    7.231|
A<17>          |Result<21>     |    7.419|
A<17>          |Result<22>     |    7.928|
A<17>          |Result<23>     |    8.366|
A<17>          |Result<24>     |    9.089|
A<17>          |Result<25>     |    8.535|
A<17>          |Result<26>     |    9.319|
A<17>          |Result<27>     |    9.545|
A<17>          |Result<28>     |    9.009|
A<17>          |Result<29>     |    9.308|
A<17>          |Result<30>     |    9.394|
A<17>          |Result<31>     |    9.488|
A<18>          |Cout           |   11.093|
A<18>          |Result<18>     |    7.243|
A<18>          |Result<19>     |    7.257|
A<18>          |Result<20>     |    8.238|
A<18>          |Result<21>     |    8.426|
A<18>          |Result<22>     |    8.935|
A<18>          |Result<23>     |    9.373|
A<18>          |Result<24>     |   10.096|
A<18>          |Result<25>     |    9.542|
A<18>          |Result<26>     |   10.326|
A<18>          |Result<27>     |   10.552|
A<18>          |Result<28>     |   10.016|
A<18>          |Result<29>     |   10.315|
A<18>          |Result<30>     |   10.401|
A<18>          |Result<31>     |   10.495|
A<19>          |Cout           |    9.757|
A<19>          |Result<19>     |    6.301|
A<19>          |Result<20>     |    6.902|
A<19>          |Result<21>     |    7.090|
A<19>          |Result<22>     |    7.599|
A<19>          |Result<23>     |    8.037|
A<19>          |Result<24>     |    8.760|
A<19>          |Result<25>     |    8.206|
A<19>          |Result<26>     |    8.990|
A<19>          |Result<27>     |    9.216|
A<19>          |Result<28>     |    8.680|
A<19>          |Result<29>     |    8.979|
A<19>          |Result<30>     |    9.065|
A<19>          |Result<31>     |    9.159|
A<20>          |Cout           |   10.013|
A<20>          |Result<20>     |    7.070|
A<20>          |Result<21>     |    7.336|
A<20>          |Result<22>     |    7.855|
A<20>          |Result<23>     |    8.293|
A<20>          |Result<24>     |    9.016|
A<20>          |Result<25>     |    8.462|
A<20>          |Result<26>     |    9.246|
A<20>          |Result<27>     |    9.472|
A<20>          |Result<28>     |    8.936|
A<20>          |Result<29>     |    9.235|
A<20>          |Result<30>     |    9.321|
A<20>          |Result<31>     |    9.415|
A<21>          |Cout           |    9.645|
A<21>          |Result<21>     |    6.985|
A<21>          |Result<22>     |    7.487|
A<21>          |Result<23>     |    7.925|
A<21>          |Result<24>     |    8.648|
A<21>          |Result<25>     |    8.094|
A<21>          |Result<26>     |    8.878|
A<21>          |Result<27>     |    9.104|
A<21>          |Result<28>     |    8.568|
A<21>          |Result<29>     |    8.867|
A<21>          |Result<30>     |    8.953|
A<21>          |Result<31>     |    9.047|
A<22>          |Cout           |    9.808|
A<22>          |Result<22>     |    7.247|
A<22>          |Result<23>     |    7.404|
A<22>          |Result<24>     |    8.811|
A<22>          |Result<25>     |    8.257|
A<22>          |Result<26>     |    9.041|
A<22>          |Result<27>     |    9.267|
A<22>          |Result<28>     |    8.731|
A<22>          |Result<29>     |    9.030|
A<22>          |Result<30>     |    9.116|
A<22>          |Result<31>     |    9.210|
A<23>          |Cout           |    9.584|
A<23>          |Result<23>     |    7.739|
A<23>          |Result<24>     |    8.587|
A<23>          |Result<25>     |    8.033|
A<23>          |Result<26>     |    8.817|
A<23>          |Result<27>     |    9.043|
A<23>          |Result<28>     |    8.507|
A<23>          |Result<29>     |    8.806|
A<23>          |Result<30>     |    8.892|
A<23>          |Result<31>     |    8.986|
A<24>          |Cout           |    8.436|
A<24>          |Result<24>     |    6.967|
A<24>          |Result<25>     |    6.378|
A<24>          |Result<26>     |    7.669|
A<24>          |Result<27>     |    7.895|
A<24>          |Result<28>     |    7.359|
A<24>          |Result<29>     |    7.658|
A<24>          |Result<30>     |    7.744|
A<24>          |Result<31>     |    7.838|
A<25>          |Cout           |    8.668|
A<25>          |Result<25>     |    6.657|
A<25>          |Result<26>     |    7.901|
A<25>          |Result<27>     |    8.127|
A<25>          |Result<28>     |    7.591|
A<25>          |Result<29>     |    7.890|
A<25>          |Result<30>     |    7.976|
A<25>          |Result<31>     |    8.070|
A<26>          |Cout           |    8.620|
A<26>          |Result<26>     |    7.496|
A<26>          |Result<27>     |    7.042|
A<26>          |Result<28>     |    7.543|
A<26>          |Result<29>     |    7.842|
A<26>          |Result<30>     |    7.928|
A<26>          |Result<31>     |    8.022|
A<27>          |Cout           |    8.199|
A<27>          |Result<27>     |    7.165|
A<27>          |Result<28>     |    7.122|
A<27>          |Result<29>     |    7.421|
A<27>          |Result<30>     |    7.507|
A<27>          |Result<31>     |    7.601|
A<28>          |Cout           |    7.821|
A<28>          |Result<28>     |    6.748|
A<28>          |Result<29>     |    7.268|
A<28>          |Result<30>     |    7.129|
A<28>          |Result<31>     |    7.223|
A<29>          |Cout           |    8.157|
A<29>          |Result<29>     |    7.194|
A<29>          |Result<30>     |    7.465|
A<29>          |Result<31>     |    7.559|
A<30>          |Cout           |    6.891|
A<30>          |Result<30>     |    7.544|
A<30>          |Result<31>     |    6.264|
A<31>          |Cout           |    7.095|
A<31>          |Result<31>     |    6.472|
B<0>           |Cout           |   15.830|
B<0>           |Result<0>      |    6.767|
B<0>           |Result<1>      |    7.027|
B<0>           |Result<2>      |    7.850|
B<0>           |Result<3>      |    8.362|
B<0>           |Result<4>      |    8.283|
B<0>           |Result<5>      |    8.857|
B<0>           |Result<6>      |    8.978|
B<0>           |Result<7>      |    8.939|
B<0>           |Result<8>      |    9.076|
B<0>           |Result<9>      |    9.327|
B<0>           |Result<10>     |    9.027|
B<0>           |Result<11>     |   10.373|
B<0>           |Result<12>     |   11.311|
B<0>           |Result<13>     |   10.243|
B<0>           |Result<14>     |   10.993|
B<0>           |Result<15>     |   11.167|
B<0>           |Result<16>     |   10.953|
B<0>           |Result<17>     |   11.888|
B<0>           |Result<18>     |   12.759|
B<0>           |Result<19>     |   12.193|
B<0>           |Result<20>     |   12.975|
B<0>           |Result<21>     |   13.163|
B<0>           |Result<22>     |   13.672|
B<0>           |Result<23>     |   14.110|
B<0>           |Result<24>     |   14.833|
B<0>           |Result<25>     |   14.279|
B<0>           |Result<26>     |   15.063|
B<0>           |Result<27>     |   15.289|
B<0>           |Result<28>     |   14.753|
B<0>           |Result<29>     |   15.052|
B<0>           |Result<30>     |   15.138|
B<0>           |Result<31>     |   15.232|
B<1>           |Cout           |   15.305|
B<1>           |Result<1>      |    6.753|
B<1>           |Result<2>      |    7.333|
B<1>           |Result<3>      |    7.837|
B<1>           |Result<4>      |    7.758|
B<1>           |Result<5>      |    8.332|
B<1>           |Result<6>      |    8.453|
B<1>           |Result<7>      |    8.414|
B<1>           |Result<8>      |    8.551|
B<1>           |Result<9>      |    8.802|
B<1>           |Result<10>     |    8.502|
B<1>           |Result<11>     |    9.848|
B<1>           |Result<12>     |   10.786|
B<1>           |Result<13>     |    9.718|
B<1>           |Result<14>     |   10.468|
B<1>           |Result<15>     |   10.642|
B<1>           |Result<16>     |   10.428|
B<1>           |Result<17>     |   11.363|
B<1>           |Result<18>     |   12.234|
B<1>           |Result<19>     |   11.668|
B<1>           |Result<20>     |   12.450|
B<1>           |Result<21>     |   12.638|
B<1>           |Result<22>     |   13.147|
B<1>           |Result<23>     |   13.585|
B<1>           |Result<24>     |   14.308|
B<1>           |Result<25>     |   13.754|
B<1>           |Result<26>     |   14.538|
B<1>           |Result<27>     |   14.764|
B<1>           |Result<28>     |   14.228|
B<1>           |Result<29>     |   14.527|
B<1>           |Result<30>     |   14.613|
B<1>           |Result<31>     |   14.707|
B<2>           |Cout           |   15.304|
B<2>           |Result<2>      |    7.328|
B<2>           |Result<3>      |    7.836|
B<2>           |Result<4>      |    7.757|
B<2>           |Result<5>      |    8.331|
B<2>           |Result<6>      |    8.452|
B<2>           |Result<7>      |    8.413|
B<2>           |Result<8>      |    8.550|
B<2>           |Result<9>      |    8.801|
B<2>           |Result<10>     |    8.501|
B<2>           |Result<11>     |    9.847|
B<2>           |Result<12>     |   10.785|
B<2>           |Result<13>     |    9.717|
B<2>           |Result<14>     |   10.467|
B<2>           |Result<15>     |   10.641|
B<2>           |Result<16>     |   10.427|
B<2>           |Result<17>     |   11.362|
B<2>           |Result<18>     |   12.233|
B<2>           |Result<19>     |   11.667|
B<2>           |Result<20>     |   12.449|
B<2>           |Result<21>     |   12.637|
B<2>           |Result<22>     |   13.146|
B<2>           |Result<23>     |   13.584|
B<2>           |Result<24>     |   14.307|
B<2>           |Result<25>     |   13.753|
B<2>           |Result<26>     |   14.537|
B<2>           |Result<27>     |   14.763|
B<2>           |Result<28>     |   14.227|
B<2>           |Result<29>     |   14.526|
B<2>           |Result<30>     |   14.612|
B<2>           |Result<31>     |   14.706|
B<3>           |Cout           |   14.819|
B<3>           |Result<3>      |    7.030|
B<3>           |Result<4>      |    6.895|
B<3>           |Result<5>      |    7.846|
B<3>           |Result<6>      |    7.967|
B<3>           |Result<7>      |    7.928|
B<3>           |Result<8>      |    8.065|
B<3>           |Result<9>      |    8.316|
B<3>           |Result<10>     |    8.016|
B<3>           |Result<11>     |    9.362|
B<3>           |Result<12>     |   10.300|
B<3>           |Result<13>     |    9.232|
B<3>           |Result<14>     |    9.982|
B<3>           |Result<15>     |   10.156|
B<3>           |Result<16>     |    9.942|
B<3>           |Result<17>     |   10.877|
B<3>           |Result<18>     |   11.748|
B<3>           |Result<19>     |   11.182|
B<3>           |Result<20>     |   11.964|
B<3>           |Result<21>     |   12.152|
B<3>           |Result<22>     |   12.661|
B<3>           |Result<23>     |   13.099|
B<3>           |Result<24>     |   13.822|
B<3>           |Result<25>     |   13.268|
B<3>           |Result<26>     |   14.052|
B<3>           |Result<27>     |   14.278|
B<3>           |Result<28>     |   13.742|
B<3>           |Result<29>     |   14.041|
B<3>           |Result<30>     |   14.127|
B<3>           |Result<31>     |   14.221|
B<4>           |Cout           |   15.252|
B<4>           |Result<4>      |    7.307|
B<4>           |Result<5>      |    8.279|
B<4>           |Result<6>      |    8.400|
B<4>           |Result<7>      |    8.361|
B<4>           |Result<8>      |    8.498|
B<4>           |Result<9>      |    8.749|
B<4>           |Result<10>     |    8.449|
B<4>           |Result<11>     |    9.795|
B<4>           |Result<12>     |   10.733|
B<4>           |Result<13>     |    9.665|
B<4>           |Result<14>     |   10.415|
B<4>           |Result<15>     |   10.589|
B<4>           |Result<16>     |   10.375|
B<4>           |Result<17>     |   11.310|
B<4>           |Result<18>     |   12.181|
B<4>           |Result<19>     |   11.615|
B<4>           |Result<20>     |   12.397|
B<4>           |Result<21>     |   12.585|
B<4>           |Result<22>     |   13.094|
B<4>           |Result<23>     |   13.532|
B<4>           |Result<24>     |   14.255|
B<4>           |Result<25>     |   13.701|
B<4>           |Result<26>     |   14.485|
B<4>           |Result<27>     |   14.711|
B<4>           |Result<28>     |   14.175|
B<4>           |Result<29>     |   14.474|
B<4>           |Result<30>     |   14.560|
B<4>           |Result<31>     |   14.654|
B<5>           |Cout           |   14.362|
B<5>           |Result<5>      |    7.761|
B<5>           |Result<6>      |    7.514|
B<5>           |Result<7>      |    7.471|
B<5>           |Result<8>      |    7.608|
B<5>           |Result<9>      |    7.859|
B<5>           |Result<10>     |    7.559|
B<5>           |Result<11>     |    8.905|
B<5>           |Result<12>     |    9.843|
B<5>           |Result<13>     |    8.775|
B<5>           |Result<14>     |    9.525|
B<5>           |Result<15>     |    9.699|
B<5>           |Result<16>     |    9.485|
B<5>           |Result<17>     |   10.420|
B<5>           |Result<18>     |   11.291|
B<5>           |Result<19>     |   10.725|
B<5>           |Result<20>     |   11.507|
B<5>           |Result<21>     |   11.695|
B<5>           |Result<22>     |   12.204|
B<5>           |Result<23>     |   12.642|
B<5>           |Result<24>     |   13.365|
B<5>           |Result<25>     |   12.811|
B<5>           |Result<26>     |   13.595|
B<5>           |Result<27>     |   13.821|
B<5>           |Result<28>     |   13.285|
B<5>           |Result<29>     |   13.584|
B<5>           |Result<30>     |   13.670|
B<5>           |Result<31>     |   13.764|
B<6>           |Cout           |   14.368|
B<6>           |Result<6>      |    7.491|
B<6>           |Result<7>      |    7.477|
B<6>           |Result<8>      |    7.614|
B<6>           |Result<9>      |    7.865|
B<6>           |Result<10>     |    7.565|
B<6>           |Result<11>     |    8.911|
B<6>           |Result<12>     |    9.849|
B<6>           |Result<13>     |    8.781|
B<6>           |Result<14>     |    9.531|
B<6>           |Result<15>     |    9.705|
B<6>           |Result<16>     |    9.491|
B<6>           |Result<17>     |   10.426|
B<6>           |Result<18>     |   11.297|
B<6>           |Result<19>     |   10.731|
B<6>           |Result<20>     |   11.513|
B<6>           |Result<21>     |   11.701|
B<6>           |Result<22>     |   12.210|
B<6>           |Result<23>     |   12.648|
B<6>           |Result<24>     |   13.371|
B<6>           |Result<25>     |   12.817|
B<6>           |Result<26>     |   13.601|
B<6>           |Result<27>     |   13.827|
B<6>           |Result<28>     |   13.291|
B<6>           |Result<29>     |   13.590|
B<6>           |Result<30>     |   13.676|
B<6>           |Result<31>     |   13.770|
B<7>           |Cout           |   13.769|
B<7>           |Result<7>      |    6.491|
B<7>           |Result<8>      |    6.686|
B<7>           |Result<9>      |    7.266|
B<7>           |Result<10>     |    6.966|
B<7>           |Result<11>     |    8.312|
B<7>           |Result<12>     |    9.250|
B<7>           |Result<13>     |    8.182|
B<7>           |Result<14>     |    8.932|
B<7>           |Result<15>     |    9.106|
B<7>           |Result<16>     |    8.892|
B<7>           |Result<17>     |    9.827|
B<7>           |Result<18>     |   10.698|
B<7>           |Result<19>     |   10.132|
B<7>           |Result<20>     |   10.914|
B<7>           |Result<21>     |   11.102|
B<7>           |Result<22>     |   11.611|
B<7>           |Result<23>     |   12.049|
B<7>           |Result<24>     |   12.772|
B<7>           |Result<25>     |   12.218|
B<7>           |Result<26>     |   13.002|
B<7>           |Result<27>     |   13.228|
B<7>           |Result<28>     |   12.692|
B<7>           |Result<29>     |   12.991|
B<7>           |Result<30>     |   13.077|
B<7>           |Result<31>     |   13.171|
B<8>           |Cout           |   14.125|
B<8>           |Result<8>      |    6.454|
B<8>           |Result<9>      |    7.622|
B<8>           |Result<10>     |    7.322|
B<8>           |Result<11>     |    8.668|
B<8>           |Result<12>     |    9.606|
B<8>           |Result<13>     |    8.538|
B<8>           |Result<14>     |    9.288|
B<8>           |Result<15>     |    9.462|
B<8>           |Result<16>     |    9.248|
B<8>           |Result<17>     |   10.183|
B<8>           |Result<18>     |   11.054|
B<8>           |Result<19>     |   10.488|
B<8>           |Result<20>     |   11.270|
B<8>           |Result<21>     |   11.458|
B<8>           |Result<22>     |   11.967|
B<8>           |Result<23>     |   12.405|
B<8>           |Result<24>     |   13.128|
B<8>           |Result<25>     |   12.574|
B<8>           |Result<26>     |   13.358|
B<8>           |Result<27>     |   13.584|
B<8>           |Result<28>     |   13.048|
B<8>           |Result<29>     |   13.347|
B<8>           |Result<30>     |   13.433|
B<8>           |Result<31>     |   13.527|
B<9>           |Cout           |   13.060|
B<9>           |Result<9>      |    6.502|
B<9>           |Result<10>     |    6.857|
B<9>           |Result<11>     |    7.603|
B<9>           |Result<12>     |    8.541|
B<9>           |Result<13>     |    7.473|
B<9>           |Result<14>     |    8.223|
B<9>           |Result<15>     |    8.397|
B<9>           |Result<16>     |    8.183|
B<9>           |Result<17>     |    9.118|
B<9>           |Result<18>     |    9.989|
B<9>           |Result<19>     |    9.423|
B<9>           |Result<20>     |   10.205|
B<9>           |Result<21>     |   10.393|
B<9>           |Result<22>     |   10.902|
B<9>           |Result<23>     |   11.340|
B<9>           |Result<24>     |   12.063|
B<9>           |Result<25>     |   11.509|
B<9>           |Result<26>     |   12.293|
B<9>           |Result<27>     |   12.519|
B<9>           |Result<28>     |   11.983|
B<9>           |Result<29>     |   12.282|
B<9>           |Result<30>     |   12.368|
B<9>           |Result<31>     |   12.462|
B<10>          |Cout           |   12.490|
B<10>          |Result<10>     |    6.311|
B<10>          |Result<11>     |    6.304|
B<10>          |Result<12>     |    7.971|
B<10>          |Result<13>     |    6.903|
B<10>          |Result<14>     |    7.653|
B<10>          |Result<15>     |    7.827|
B<10>          |Result<16>     |    7.613|
B<10>          |Result<17>     |    8.548|
B<10>          |Result<18>     |    9.419|
B<10>          |Result<19>     |    8.853|
B<10>          |Result<20>     |    9.635|
B<10>          |Result<21>     |    9.823|
B<10>          |Result<22>     |   10.332|
B<10>          |Result<23>     |   10.770|
B<10>          |Result<24>     |   11.493|
B<10>          |Result<25>     |   10.939|
B<10>          |Result<26>     |   11.723|
B<10>          |Result<27>     |   11.949|
B<10>          |Result<28>     |   11.413|
B<10>          |Result<29>     |   11.712|
B<10>          |Result<30>     |   11.798|
B<10>          |Result<31>     |   11.892|
B<11>          |Cout           |   12.105|
B<11>          |Result<11>     |    6.010|
B<11>          |Result<12>     |    7.586|
B<11>          |Result<13>     |    6.518|
B<11>          |Result<14>     |    7.268|
B<11>          |Result<15>     |    7.442|
B<11>          |Result<16>     |    7.228|
B<11>          |Result<17>     |    8.163|
B<11>          |Result<18>     |    9.034|
B<11>          |Result<19>     |    8.468|
B<11>          |Result<20>     |    9.250|
B<11>          |Result<21>     |    9.438|
B<11>          |Result<22>     |    9.947|
B<11>          |Result<23>     |   10.385|
B<11>          |Result<24>     |   11.108|
B<11>          |Result<25>     |   10.554|
B<11>          |Result<26>     |   11.338|
B<11>          |Result<27>     |   11.564|
B<11>          |Result<28>     |   11.028|
B<11>          |Result<29>     |   11.327|
B<11>          |Result<30>     |   11.413|
B<11>          |Result<31>     |   11.507|
B<12>          |Cout           |   12.601|
B<12>          |Result<12>     |    6.817|
B<12>          |Result<13>     |    6.656|
B<12>          |Result<14>     |    7.764|
B<12>          |Result<15>     |    7.938|
B<12>          |Result<16>     |    7.724|
B<12>          |Result<17>     |    8.659|
B<12>          |Result<18>     |    9.530|
B<12>          |Result<19>     |    8.964|
B<12>          |Result<20>     |    9.746|
B<12>          |Result<21>     |    9.934|
B<12>          |Result<22>     |   10.443|
B<12>          |Result<23>     |   10.881|
B<12>          |Result<24>     |   11.604|
B<12>          |Result<25>     |   11.050|
B<12>          |Result<26>     |   11.834|
B<12>          |Result<27>     |   12.060|
B<12>          |Result<28>     |   11.524|
B<12>          |Result<29>     |   11.823|
B<12>          |Result<30>     |   11.909|
B<12>          |Result<31>     |   12.003|
B<13>          |Cout           |   12.059|
B<13>          |Result<13>     |    5.811|
B<13>          |Result<14>     |    7.222|
B<13>          |Result<15>     |    7.396|
B<13>          |Result<16>     |    7.182|
B<13>          |Result<17>     |    8.117|
B<13>          |Result<18>     |    8.988|
B<13>          |Result<19>     |    8.422|
B<13>          |Result<20>     |    9.204|
B<13>          |Result<21>     |    9.392|
B<13>          |Result<22>     |    9.901|
B<13>          |Result<23>     |   10.339|
B<13>          |Result<24>     |   11.062|
B<13>          |Result<25>     |   10.508|
B<13>          |Result<26>     |   11.292|
B<13>          |Result<27>     |   11.518|
B<13>          |Result<28>     |   10.982|
B<13>          |Result<29>     |   11.281|
B<13>          |Result<30>     |   11.367|
B<13>          |Result<31>     |   11.461|
B<14>          |Cout           |   11.719|
B<14>          |Result<14>     |    6.253|
B<14>          |Result<15>     |    6.910|
B<14>          |Result<16>     |    6.842|
B<14>          |Result<17>     |    7.777|
B<14>          |Result<18>     |    8.648|
B<14>          |Result<19>     |    8.082|
B<14>          |Result<20>     |    8.864|
B<14>          |Result<21>     |    9.052|
B<14>          |Result<22>     |    9.561|
B<14>          |Result<23>     |    9.999|
B<14>          |Result<24>     |   10.722|
B<14>          |Result<25>     |   10.168|
B<14>          |Result<26>     |   10.952|
B<14>          |Result<27>     |   11.178|
B<14>          |Result<28>     |   10.642|
B<14>          |Result<29>     |   10.941|
B<14>          |Result<30>     |   11.027|
B<14>          |Result<31>     |   11.121|
B<15>          |Cout           |   11.608|
B<15>          |Result<15>     |    6.830|
B<15>          |Result<16>     |    6.731|
B<15>          |Result<17>     |    7.666|
B<15>          |Result<18>     |    8.537|
B<15>          |Result<19>     |    7.971|
B<15>          |Result<20>     |    8.753|
B<15>          |Result<21>     |    8.941|
B<15>          |Result<22>     |    9.450|
B<15>          |Result<23>     |    9.888|
B<15>          |Result<24>     |   10.611|
B<15>          |Result<25>     |   10.057|
B<15>          |Result<26>     |   10.841|
B<15>          |Result<27>     |   11.067|
B<15>          |Result<28>     |   10.531|
B<15>          |Result<29>     |   10.830|
B<15>          |Result<30>     |   10.916|
B<15>          |Result<31>     |   11.010|
B<16>          |Cout           |   10.886|
B<16>          |Result<16>     |    6.636|
B<16>          |Result<17>     |    6.132|
B<16>          |Result<18>     |    7.815|
B<16>          |Result<19>     |    7.249|
B<16>          |Result<20>     |    8.031|
B<16>          |Result<21>     |    8.219|
B<16>          |Result<22>     |    8.728|
B<16>          |Result<23>     |    9.166|
B<16>          |Result<24>     |    9.889|
B<16>          |Result<25>     |    9.335|
B<16>          |Result<26>     |   10.119|
B<16>          |Result<27>     |   10.345|
B<16>          |Result<28>     |    9.809|
B<16>          |Result<29>     |   10.108|
B<16>          |Result<30>     |   10.194|
B<16>          |Result<31>     |   10.288|
B<17>          |Cout           |   10.329|
B<17>          |Result<17>     |    6.370|
B<17>          |Result<18>     |    7.258|
B<17>          |Result<19>     |    6.692|
B<17>          |Result<20>     |    7.474|
B<17>          |Result<21>     |    7.662|
B<17>          |Result<22>     |    8.171|
B<17>          |Result<23>     |    8.609|
B<17>          |Result<24>     |    9.332|
B<17>          |Result<25>     |    8.778|
B<17>          |Result<26>     |    9.562|
B<17>          |Result<27>     |    9.788|
B<17>          |Result<28>     |    9.252|
B<17>          |Result<29>     |    9.551|
B<17>          |Result<30>     |    9.637|
B<17>          |Result<31>     |    9.731|
B<18>          |Cout           |   11.087|
B<18>          |Result<18>     |    7.367|
B<18>          |Result<19>     |    7.704|
B<18>          |Result<20>     |    8.232|
B<18>          |Result<21>     |    8.420|
B<18>          |Result<22>     |    8.929|
B<18>          |Result<23>     |    9.367|
B<18>          |Result<24>     |   10.090|
B<18>          |Result<25>     |    9.536|
B<18>          |Result<26>     |   10.320|
B<18>          |Result<27>     |   10.546|
B<18>          |Result<28>     |   10.010|
B<18>          |Result<29>     |   10.309|
B<18>          |Result<30>     |   10.395|
B<18>          |Result<31>     |   10.489|
B<19>          |Cout           |   10.684|
B<19>          |Result<19>     |    6.941|
B<19>          |Result<20>     |    7.829|
B<19>          |Result<21>     |    8.017|
B<19>          |Result<22>     |    8.526|
B<19>          |Result<23>     |    8.964|
B<19>          |Result<24>     |    9.687|
B<19>          |Result<25>     |    9.133|
B<19>          |Result<26>     |    9.917|
B<19>          |Result<27>     |   10.143|
B<19>          |Result<28>     |    9.607|
B<19>          |Result<29>     |    9.906|
B<19>          |Result<30>     |    9.992|
B<19>          |Result<31>     |   10.086|
B<20>          |Cout           |    8.936|
B<20>          |Result<20>     |    6.293|
B<20>          |Result<21>     |    6.270|
B<20>          |Result<22>     |    6.778|
B<20>          |Result<23>     |    7.216|
B<20>          |Result<24>     |    7.939|
B<20>          |Result<25>     |    7.385|
B<20>          |Result<26>     |    8.169|
B<20>          |Result<27>     |    8.395|
B<20>          |Result<28>     |    7.859|
B<20>          |Result<29>     |    8.158|
B<20>          |Result<30>     |    8.244|
B<20>          |Result<31>     |    8.338|
B<21>          |Cout           |    9.831|
B<21>          |Result<21>     |    7.151|
B<21>          |Result<22>     |    7.673|
B<21>          |Result<23>     |    8.111|
B<21>          |Result<24>     |    8.834|
B<21>          |Result<25>     |    8.280|
B<21>          |Result<26>     |    9.064|
B<21>          |Result<27>     |    9.290|
B<21>          |Result<28>     |    8.754|
B<21>          |Result<29>     |    9.053|
B<21>          |Result<30>     |    9.139|
B<21>          |Result<31>     |    9.233|
B<22>          |Cout           |    9.679|
B<22>          |Result<22>     |    7.559|
B<22>          |Result<23>     |    7.802|
B<22>          |Result<24>     |    8.682|
B<22>          |Result<25>     |    8.128|
B<22>          |Result<26>     |    8.912|
B<22>          |Result<27>     |    9.138|
B<22>          |Result<28>     |    8.602|
B<22>          |Result<29>     |    8.901|
B<22>          |Result<30>     |    8.987|
B<22>          |Result<31>     |    9.081|
B<23>          |Cout           |    8.545|
B<23>          |Result<23>     |    7.012|
B<23>          |Result<24>     |    7.548|
B<23>          |Result<25>     |    6.994|
B<23>          |Result<26>     |    7.778|
B<23>          |Result<27>     |    8.004|
B<23>          |Result<28>     |    7.468|
B<23>          |Result<29>     |    7.767|
B<23>          |Result<30>     |    7.853|
B<23>          |Result<31>     |    7.947|
B<24>          |Cout           |    8.519|
B<24>          |Result<24>     |    7.331|
B<24>          |Result<25>     |    6.131|
B<24>          |Result<26>     |    7.752|
B<24>          |Result<27>     |    7.978|
B<24>          |Result<28>     |    7.442|
B<24>          |Result<29>     |    7.741|
B<24>          |Result<30>     |    7.827|
B<24>          |Result<31>     |    7.921|
B<25>          |Cout           |    8.403|
B<25>          |Result<25>     |    7.176|
B<25>          |Result<26>     |    7.636|
B<25>          |Result<27>     |    7.862|
B<25>          |Result<28>     |    7.326|
B<25>          |Result<29>     |    7.625|
B<25>          |Result<30>     |    7.711|
B<25>          |Result<31>     |    7.805|
B<26>          |Cout           |    8.702|
B<26>          |Result<26>     |    7.423|
B<26>          |Result<27>     |    6.994|
B<26>          |Result<28>     |    7.625|
B<26>          |Result<29>     |    7.924|
B<26>          |Result<30>     |    8.010|
B<26>          |Result<31>     |    8.104|
B<27>          |Cout           |    8.521|
B<27>          |Result<27>     |    7.508|
B<27>          |Result<28>     |    7.444|
B<27>          |Result<29>     |    7.743|
B<27>          |Result<30>     |    7.829|
B<27>          |Result<31>     |    7.923|
B<28>          |Cout           |    8.191|
B<28>          |Result<28>     |    7.112|
B<28>          |Result<29>     |    7.042|
B<28>          |Result<30>     |    7.499|
B<28>          |Result<31>     |    7.593|
B<29>          |Cout           |    7.771|
B<29>          |Result<29>     |    6.165|
B<29>          |Result<30>     |    7.079|
B<29>          |Result<31>     |    7.173|
B<30>          |Cout           |    7.325|
B<30>          |Result<30>     |    7.239|
B<30>          |Result<31>     |    6.706|
B<31>          |Cout           |    7.365|
B<31>          |Result<31>     |    6.744|
---------------+---------------+---------+


Analysis completed Wed Sep 10 18:47:11 2014 
--------------------------------------------------------------------------------

Trace Settings:
-------------------------
Trace Settings 

Peak Memory Usage: 597 MB



