--------------------------------------------------------------------------------
Release 14.6 Trace  (lin64)
Copyright (c) 1995-2013 Xilinx, Inc.  All rights reserved.

/opt/Xilinx/14.6/ISE_DS/ISE/bin/lin64/unwrapped/trce -v 3 -s 1 -n 10 -fastpaths
-xml BehavioralAdder.twx BehavioralAdder.ncd -o BehavioralAdder.twr
BehavioralAdder.pcf

Design file:              BehavioralAdder.ncd
Physical constraint file: BehavioralAdder.pcf
Device,package,speed:     xc5vlx110t,ff1136,-1 (PRODUCTION 1.73 2013-06-08, STEPPING level 0)
Report level:             verbose report

Environment Variable      Effect 
--------------------      ------ 
NONE                      No environment variables were set
--------------------------------------------------------------------------------

INFO:Timing:2698 - No timing constraints found, doing default enumeration.
INFO:Timing:3412 - To improve timing, see the Timing Closure User Guide (UG612).
INFO:Timing:2752 - To get complete path coverage, use the unconstrained paths 
   option. All paths that are not constrained will be reported in the 
   unconstrained paths section(s) of the report.
INFO:Timing:3339 - The clock-to-out numbers in this timing report are based on 
   a 50 Ohm transmission line loading model.  For the details of this model, 
   and for more information on accounting for different loading conditions, 
   please see the device datasheet.



Data Sheet report:
-----------------
All values displayed in nanoseconds (ns)

Pad to Pad
---------------+---------------+---------+
Source Pad     |Destination Pad|  Delay  |
---------------+---------------+---------+
A<0>           |Cout           |    7.310|
A<0>           |Result<0>      |    6.514|
A<0>           |Result<1>      |    6.890|
A<0>           |Result<2>      |    6.646|
A<0>           |Result<3>      |    7.360|
A<0>           |Result<4>      |    7.414|
A<0>           |Result<5>      |    7.405|
A<0>           |Result<6>      |    6.789|
A<0>           |Result<7>      |    7.029|
A<0>           |Result<8>      |    7.664|
A<0>           |Result<9>      |    7.561|
A<0>           |Result<10>     |    7.231|
A<0>           |Result<11>     |    7.136|
A<0>           |Result<12>     |    7.193|
A<0>           |Result<13>     |    7.384|
A<0>           |Result<14>     |    7.335|
A<0>           |Result<15>     |    7.583|
A<1>           |Cout           |    7.734|
A<1>           |Result<1>      |    6.834|
A<1>           |Result<2>      |    7.078|
A<1>           |Result<3>      |    7.773|
A<1>           |Result<4>      |    7.838|
A<1>           |Result<5>      |    7.829|
A<1>           |Result<6>      |    7.213|
A<1>           |Result<7>      |    7.453|
A<1>           |Result<8>      |    8.088|
A<1>           |Result<9>      |    7.985|
A<1>           |Result<10>     |    7.655|
A<1>           |Result<11>     |    7.560|
A<1>           |Result<12>     |    7.617|
A<1>           |Result<13>     |    7.808|
A<1>           |Result<14>     |    7.759|
A<1>           |Result<15>     |    8.007|
A<2>           |Cout           |    7.399|
A<2>           |Result<2>      |    6.570|
A<2>           |Result<3>      |    7.291|
A<2>           |Result<4>      |    7.503|
A<2>           |Result<5>      |    7.494|
A<2>           |Result<6>      |    6.878|
A<2>           |Result<7>      |    7.118|
A<2>           |Result<8>      |    7.753|
A<2>           |Result<9>      |    7.650|
A<2>           |Result<10>     |    7.320|
A<2>           |Result<11>     |    7.225|
A<2>           |Result<12>     |    7.282|
A<2>           |Result<13>     |    7.473|
A<2>           |Result<14>     |    7.424|
A<2>           |Result<15>     |    7.672|
A<3>           |Cout           |    7.545|
A<3>           |Result<3>      |    7.287|
A<3>           |Result<4>      |    7.649|
A<3>           |Result<5>      |    7.640|
A<3>           |Result<6>      |    7.024|
A<3>           |Result<7>      |    7.264|
A<3>           |Result<8>      |    7.899|
A<3>           |Result<9>      |    7.796|
A<3>           |Result<10>     |    7.466|
A<3>           |Result<11>     |    7.371|
A<3>           |Result<12>     |    7.428|
A<3>           |Result<13>     |    7.619|
A<3>           |Result<14>     |    7.570|
A<3>           |Result<15>     |    7.818|
A<4>           |Cout           |    7.323|
A<4>           |Result<4>      |    6.971|
A<4>           |Result<5>      |    7.151|
A<4>           |Result<6>      |    6.754|
A<4>           |Result<7>      |    6.934|
A<4>           |Result<8>      |    7.677|
A<4>           |Result<9>      |    7.574|
A<4>           |Result<10>     |    7.244|
A<4>           |Result<11>     |    7.149|
A<4>           |Result<12>     |    7.206|
A<4>           |Result<13>     |    7.397|
A<4>           |Result<14>     |    7.348|
A<4>           |Result<15>     |    7.596|
A<5>           |Cout           |    7.381|
A<5>           |Result<5>      |    7.130|
A<5>           |Result<6>      |    6.802|
A<5>           |Result<7>      |    7.017|
A<5>           |Result<8>      |    7.735|
A<5>           |Result<9>      |    7.632|
A<5>           |Result<10>     |    7.302|
A<5>           |Result<11>     |    7.207|
A<5>           |Result<12>     |    7.264|
A<5>           |Result<13>     |    7.455|
A<5>           |Result<14>     |    7.406|
A<5>           |Result<15>     |    7.654|
A<6>           |Cout           |    7.245|
A<6>           |Result<6>      |    6.503|
A<6>           |Result<7>      |    6.740|
A<6>           |Result<8>      |    7.599|
A<6>           |Result<9>      |    7.496|
A<6>           |Result<10>     |    7.166|
A<6>           |Result<11>     |    7.071|
A<6>           |Result<12>     |    7.128|
A<6>           |Result<13>     |    7.319|
A<6>           |Result<14>     |    7.270|
A<6>           |Result<15>     |    7.518|
A<7>           |Cout           |    7.591|
A<7>           |Result<7>      |    7.008|
A<7>           |Result<8>      |    7.945|
A<7>           |Result<9>      |    7.842|
A<7>           |Result<10>     |    7.512|
A<7>           |Result<11>     |    7.417|
A<7>           |Result<12>     |    7.474|
A<7>           |Result<13>     |    7.665|
A<7>           |Result<14>     |    7.616|
A<7>           |Result<15>     |    7.864|
A<8>           |Cout           |    7.358|
A<8>           |Result<8>      |    7.417|
A<8>           |Result<9>      |    7.359|
A<8>           |Result<10>     |    7.223|
A<8>           |Result<11>     |    7.118|
A<8>           |Result<12>     |    7.241|
A<8>           |Result<13>     |    7.432|
A<8>           |Result<14>     |    7.383|
A<8>           |Result<15>     |    7.631|
A<9>           |Cout           |    7.118|
A<9>           |Result<9>      |    7.023|
A<9>           |Result<10>     |    6.981|
A<9>           |Result<11>     |    6.861|
A<9>           |Result<12>     |    7.001|
A<9>           |Result<13>     |    7.192|
A<9>           |Result<14>     |    7.143|
A<9>           |Result<15>     |    7.391|
A<10>          |Cout           |    7.565|
A<10>          |Result<10>     |    7.265|
A<10>          |Result<11>     |    7.167|
A<10>          |Result<12>     |    7.448|
A<10>          |Result<13>     |    7.639|
A<10>          |Result<14>     |    7.590|
A<10>          |Result<15>     |    7.838|
A<11>          |Cout           |    6.952|
A<11>          |Result<11>     |    6.476|
A<11>          |Result<12>     |    6.835|
A<11>          |Result<13>     |    7.026|
A<11>          |Result<14>     |    6.977|
A<11>          |Result<15>     |    7.225|
A<12>          |Cout           |    7.316|
A<12>          |Result<12>     |    6.904|
A<12>          |Result<13>     |    7.140|
A<12>          |Result<14>     |    7.285|
A<12>          |Result<15>     |    7.523|
A<13>          |Cout           |    7.120|
A<13>          |Result<13>     |    6.848|
A<13>          |Result<14>     |    7.087|
A<13>          |Result<15>     |    7.310|
A<14>          |Cout           |    6.883|
A<14>          |Result<14>     |    6.687|
A<14>          |Result<15>     |    6.932|
A<15>          |Cout           |    7.024|
A<15>          |Result<15>     |    6.994|
B<0>           |Cout           |    7.260|
B<0>           |Result<0>      |    6.464|
B<0>           |Result<1>      |    6.840|
B<0>           |Result<2>      |    6.596|
B<0>           |Result<3>      |    7.310|
B<0>           |Result<4>      |    7.364|
B<0>           |Result<5>      |    7.355|
B<0>           |Result<6>      |    6.739|
B<0>           |Result<7>      |    6.979|
B<0>           |Result<8>      |    7.614|
B<0>           |Result<9>      |    7.511|
B<0>           |Result<10>     |    7.181|
B<0>           |Result<11>     |    7.086|
B<0>           |Result<12>     |    7.143|
B<0>           |Result<13>     |    7.334|
B<0>           |Result<14>     |    7.285|
B<0>           |Result<15>     |    7.533|
B<1>           |Cout           |    7.155|
B<1>           |Result<1>      |    6.639|
B<1>           |Result<2>      |    6.489|
B<1>           |Result<3>      |    7.188|
B<1>           |Result<4>      |    7.259|
B<1>           |Result<5>      |    7.250|
B<1>           |Result<6>      |    6.634|
B<1>           |Result<7>      |    6.874|
B<1>           |Result<8>      |    7.509|
B<1>           |Result<9>      |    7.406|
B<1>           |Result<10>     |    7.076|
B<1>           |Result<11>     |    6.981|
B<1>           |Result<12>     |    7.038|
B<1>           |Result<13>     |    7.229|
B<1>           |Result<14>     |    7.180|
B<1>           |Result<15>     |    7.428|
B<2>           |Cout           |    7.346|
B<2>           |Result<2>      |    6.517|
B<2>           |Result<3>      |    7.238|
B<2>           |Result<4>      |    7.450|
B<2>           |Result<5>      |    7.441|
B<2>           |Result<6>      |    6.825|
B<2>           |Result<7>      |    7.065|
B<2>           |Result<8>      |    7.700|
B<2>           |Result<9>      |    7.597|
B<2>           |Result<10>     |    7.267|
B<2>           |Result<11>     |    7.172|
B<2>           |Result<12>     |    7.229|
B<2>           |Result<13>     |    7.420|
B<2>           |Result<14>     |    7.371|
B<2>           |Result<15>     |    7.619|
B<3>           |Cout           |    7.356|
B<3>           |Result<3>      |    7.170|
B<3>           |Result<4>      |    7.460|
B<3>           |Result<5>      |    7.451|
B<3>           |Result<6>      |    6.835|
B<3>           |Result<7>      |    7.075|
B<3>           |Result<8>      |    7.710|
B<3>           |Result<9>      |    7.607|
B<3>           |Result<10>     |    7.277|
B<3>           |Result<11>     |    7.182|
B<3>           |Result<12>     |    7.239|
B<3>           |Result<13>     |    7.430|
B<3>           |Result<14>     |    7.381|
B<3>           |Result<15>     |    7.629|
B<4>           |Cout           |    7.381|
B<4>           |Result<4>      |    7.190|
B<4>           |Result<5>      |    7.226|
B<4>           |Result<6>      |    6.804|
B<4>           |Result<7>      |    7.034|
B<4>           |Result<8>      |    7.735|
B<4>           |Result<9>      |    7.632|
B<4>           |Result<10>     |    7.302|
B<4>           |Result<11>     |    7.207|
B<4>           |Result<12>     |    7.264|
B<4>           |Result<13>     |    7.455|
B<4>           |Result<14>     |    7.406|
B<4>           |Result<15>     |    7.654|
B<5>           |Cout           |    7.289|
B<5>           |Result<5>      |    7.038|
B<5>           |Result<6>      |    6.710|
B<5>           |Result<7>      |    6.925|
B<5>           |Result<8>      |    7.643|
B<5>           |Result<9>      |    7.540|
B<5>           |Result<10>     |    7.210|
B<5>           |Result<11>     |    7.115|
B<5>           |Result<12>     |    7.172|
B<5>           |Result<13>     |    7.363|
B<5>           |Result<14>     |    7.314|
B<5>           |Result<15>     |    7.562|
B<6>           |Cout           |    6.591|
B<6>           |Result<6>      |    5.849|
B<6>           |Result<7>      |    6.086|
B<6>           |Result<8>      |    6.945|
B<6>           |Result<9>      |    6.842|
B<6>           |Result<10>     |    6.512|
B<6>           |Result<11>     |    6.417|
B<6>           |Result<12>     |    6.474|
B<6>           |Result<13>     |    6.665|
B<6>           |Result<14>     |    6.616|
B<6>           |Result<15>     |    6.864|
B<7>           |Cout           |    7.253|
B<7>           |Result<7>      |    6.670|
B<7>           |Result<8>      |    7.607|
B<7>           |Result<9>      |    7.504|
B<7>           |Result<10>     |    7.174|
B<7>           |Result<11>     |    7.079|
B<7>           |Result<12>     |    7.136|
B<7>           |Result<13>     |    7.327|
B<7>           |Result<14>     |    7.278|
B<7>           |Result<15>     |    7.526|
B<8>           |Cout           |    7.060|
B<8>           |Result<8>      |    7.119|
B<8>           |Result<9>      |    7.061|
B<8>           |Result<10>     |    6.925|
B<8>           |Result<11>     |    6.820|
B<8>           |Result<12>     |    6.943|
B<8>           |Result<13>     |    7.134|
B<8>           |Result<14>     |    7.085|
B<8>           |Result<15>     |    7.333|
B<9>           |Cout           |    7.180|
B<9>           |Result<9>      |    7.085|
B<9>           |Result<10>     |    7.043|
B<9>           |Result<11>     |    6.923|
B<9>           |Result<12>     |    7.063|
B<9>           |Result<13>     |    7.254|
B<9>           |Result<14>     |    7.205|
B<9>           |Result<15>     |    7.453|
B<10>          |Cout           |    6.746|
B<10>          |Result<10>     |    6.446|
B<10>          |Result<11>     |    6.348|
B<10>          |Result<12>     |    6.629|
B<10>          |Result<13>     |    6.820|
B<10>          |Result<14>     |    6.771|
B<10>          |Result<15>     |    7.019|
B<11>          |Cout           |    7.469|
B<11>          |Result<11>     |    6.993|
B<11>          |Result<12>     |    7.352|
B<11>          |Result<13>     |    7.543|
B<11>          |Result<14>     |    7.494|
B<11>          |Result<15>     |    7.742|
B<12>          |Cout           |    7.445|
B<12>          |Result<12>     |    7.033|
B<12>          |Result<13>     |    7.269|
B<12>          |Result<14>     |    7.414|
B<12>          |Result<15>     |    7.652|
B<13>          |Cout           |    7.060|
B<13>          |Result<13>     |    6.788|
B<13>          |Result<14>     |    7.027|
B<13>          |Result<15>     |    7.250|
B<14>          |Cout           |    7.139|
B<14>          |Result<14>     |    6.943|
B<14>          |Result<15>     |    7.188|
B<15>          |Cout           |    6.587|
B<15>          |Result<15>     |    6.557|
---------------+---------------+---------+


Analysis completed Wed Sep 10 19:08:29 2014 
--------------------------------------------------------------------------------

Trace Settings:
-------------------------
Trace Settings 

Peak Memory Usage: 596 MB



