Release 14.6 Map P.68d (lin64)
Xilinx Mapping Report File for Design 'BehavioralAdder'

Design Information
------------------
Command Line   : map -w -logic_opt off -ol high -t 1 -register_duplication off
-global_opt off -mt off -cm area -ir off -pr off -lc off -power off -p
xc5vlx110t-ff1136-1 -o BehavioralAdder_map.ncd BehavioralAdder.ngd
BehavioralAdder.pcf 
Target Device  : xc5vlx110t
Target Package : ff1136
Target Speed   : -1
Mapper Version : virtex5 -- $Revision: 1.55 $
Mapped Date    : Wed Sep 10 19:07:27 2014

Design Summary
--------------
Number of errors:      0
Number of warnings:    0
Slice Logic Utilization:
  Number of Slice Registers:                     1 out of  69,120    1%
    Number used as Latch-thrus:                  1
  Number of Slice LUTs:                         16 out of  69,120    1%
    Number used as logic:                       16 out of  69,120    1%
      Number using O6 output only:              16

Slice Logic Distribution:
  Number of occupied Slices:                     4 out of  17,280    1%
  Number of LUT Flip Flop pairs used:           16
    Number with an unused Flip Flop:            15 out of      16   93%
    Number with an unused LUT:                   0 out of      16    0%
    Number of fully used LUT-FF pairs:           1 out of      16    6%
    Number of slice register sites lost
      to control set restrictions:               0 out of  69,120    0%

  A LUT Flip Flop pair for this architecture represents one LUT paired with
  one Flip Flop within a slice.  A control set is a unique combination of
  clock, reset, set, and enable signals for a registered element.
  The Slice Logic Distribution report is not meaningful if the design is
  over-mapped for a non-slice resource or if Placement fails.
  OVERMAPPING of BRAM resources should be ignored if the design is
  over-mapped for a non-BRAM resource or if placement fails.

IO Utilization:
  Number of bonded IOBs:                        49 out of     640    7%

Specific Feature Utilization:

Average Fanout of Non-Clock Nets:                1.31

Peak Memory Usage:  1038 MB
Total REAL time to MAP completion:  13 secs 
Total CPU time to MAP completion:   13 secs 

Table of Contents
-----------------
Section 1 - Errors
Section 2 - Warnings
Section 3 - Informational
Section 4 - Removed Logic Summary
Section 5 - Removed Logic
Section 6 - IOB Properties
Section 7 - RPMs
Section 8 - Guide Report
Section 9 - Area Group and Partition Summary
Section 10 - Timing Report
Section 11 - Configuration String Information
Section 12 - Control Set Information
Section 13 - Utilization by Hierarchy

Section 1 - Errors
------------------

Section 2 - Warnings
--------------------
WARNING:Security:43 - No license file was found in the standard Xilinx license
directory.
WARNING:Security:44 - Since no license file was found,
WARNING:Security:42 - Your software subscription period has lapsed. Your current
version of Xilinx tools will continue to function, but you no longer qualify for
Xilinx software updates or new releases.

Section 3 - Informational
-------------------------
INFO:Security:50 - The XILINXD_LICENSE_FILE environment variable is set to
'2100@license-srv.eecs.berkeley.edu'.
INFO:Security:52 - The LM_LICENSE_FILE environment variable is set to
'2100@license-srv.eecs.berkeley.edu'.
INFO:Security:56 - Part 'xc5vlx110t' is not a WebPack part.
INFO:MapLib:562 - No environment variables are currently set.
INFO:LIT:244 - All of the single ended outputs in this design are using slew
   rate limited output drivers. The delay on speed critical single ended outputs
   can be dramatically reduced by designating them as fast outputs.
INFO:Pack:1716 - Initializing temperature to 85.000 Celsius. (default - Range:
   0.000 to 85.000 Celsius)
INFO:Pack:1720 - Initializing voltage to 0.950 Volts. (default - Range: 0.950 to
   1.050 Volts)
INFO:Map:215 - The Interim Design Summary has been generated in the MAP Report
   (.mrp).
INFO:Pack:1650 - Map created a placed design.

Section 4 - Removed Logic Summary
---------------------------------
   1 block(s) optimized away

Section 5 - Removed Logic
-------------------------

Optimized Block(s):
TYPE 		BLOCK
GND 		XST_GND

Section 6 - IOB Properties
--------------------------

+---------------------------------------------------------------------------------------------------------------------------------------------------------+
| IOB Name                           | Type             | Direction | IO Standard          | Diff  | Drive    | Slew | Reg (s)      | Resistor | IOB      |
|                                    |                  |           |                      | Term  | Strength | Rate |              |          | Delay    |
+---------------------------------------------------------------------------------------------------------------------------------------------------------+
| A<0>                               | IOB              | INPUT     | LVCMOS25             |       |          |      |              |          |          |
| A<1>                               | IOB              | INPUT     | LVCMOS25             |       |          |      |              |          |          |
| A<2>                               | IOB              | INPUT     | LVCMOS25             |       |          |      |              |          |          |
| A<3>                               | IOB              | INPUT     | LVCMOS25             |       |          |      |              |          |          |
| A<4>                               | IOB              | INPUT     | LVCMOS25             |       |          |      |              |          |          |
| A<5>                               | IOB              | INPUT     | LVCMOS25             |       |          |      |              |          |          |
| A<6>                               | IOB              | INPUT     | LVCMOS25             |       |          |      |              |          |          |
| A<7>                               | IOB              | INPUT     | LVCMOS25             |       |          |      |              |          |          |
| A<8>                               | IOB              | INPUT     | LVCMOS25             |       |          |      |              |          |          |
| A<9>                               | IOB              | INPUT     | LVCMOS25             |       |          |      |              |          |          |
| A<10>                              | IOB              | INPUT     | LVCMOS25             |       |          |      |              |          |          |
| A<11>                              | IOB              | INPUT     | LVCMOS25             |       |          |      |              |          |          |
| A<12>                              | IOB              | INPUT     | LVCMOS25             |       |          |      |              |          |          |
| A<13>                              | IOB              | INPUT     | LVCMOS25             |       |          |      |              |          |          |
| A<14>                              | IOB              | INPUT     | LVCMOS25             |       |          |      |              |          |          |
| A<15>                              | IOB              | INPUT     | LVCMOS25             |       |          |      |              |          |          |
| B<0>                               | IOB              | INPUT     | LVCMOS25             |       |          |      |              |          |          |
| B<1>                               | IOB              | INPUT     | LVCMOS25             |       |          |      |              |          |          |
| B<2>                               | IOB              | INPUT     | LVCMOS25             |       |          |      |              |          |          |
| B<3>                               | IOB              | INPUT     | LVCMOS25             |       |          |      |              |          |          |
| B<4>                               | IOB              | INPUT     | LVCMOS25             |       |          |      |              |          |          |
| B<5>                               | IOB              | INPUT     | LVCMOS25             |       |          |      |              |          |          |
| B<6>                               | IOB              | INPUT     | LVCMOS25             |       |          |      |              |          |          |
| B<7>                               | IOB              | INPUT     | LVCMOS25             |       |          |      |              |          |          |
| B<8>                               | IOB              | INPUT     | LVCMOS25             |       |          |      |              |          |          |
| B<9>                               | IOB              | INPUT     | LVCMOS25             |       |          |      |              |          |          |
| B<10>                              | IOB              | INPUT     | LVCMOS25             |       |          |      |              |          |          |
| B<11>                              | IOB              | INPUT     | LVCMOS25             |       |          |      |              |          |          |
| B<12>                              | IOB              | INPUT     | LVCMOS25             |       |          |      |              |          |          |
| B<13>                              | IOB              | INPUT     | LVCMOS25             |       |          |      |              |          |          |
| B<14>                              | IOB              | INPUT     | LVCMOS25             |       |          |      |              |          |          |
| B<15>                              | IOB              | INPUT     | LVCMOS25             |       |          |      |              |          |          |
| Cout                               | IOB              | OUTPUT    | LVCMOS25             |       | 12       | SLOW |              |          |          |
| Result<0>                          | IOB              | OUTPUT    | LVCMOS25             |       | 12       | SLOW |              |          |          |
| Result<1>                          | IOB              | OUTPUT    | LVCMOS25             |       | 12       | SLOW |              |          |          |
| Result<2>                          | IOB              | OUTPUT    | LVCMOS25             |       | 12       | SLOW |              |          |          |
| Result<3>                          | IOB              | OUTPUT    | LVCMOS25             |       | 12       | SLOW |              |          |          |
| Result<4>                          | IOB              | OUTPUT    | LVCMOS25             |       | 12       | SLOW |              |          |          |
| Result<5>                          | IOB              | OUTPUT    | LVCMOS25             |       | 12       | SLOW |              |          |          |
| Result<6>                          | IOB              | OUTPUT    | LVCMOS25             |       | 12       | SLOW |              |          |          |
| Result<7>                          | IOB              | OUTPUT    | LVCMOS25             |       | 12       | SLOW |              |          |          |
| Result<8>                          | IOB              | OUTPUT    | LVCMOS25             |       | 12       | SLOW |              |          |          |
| Result<9>                          | IOB              | OUTPUT    | LVCMOS25             |       | 12       | SLOW |              |          |          |
| Result<10>                         | IOB              | OUTPUT    | LVCMOS25             |       | 12       | SLOW |              |          |          |
| Result<11>                         | IOB              | OUTPUT    | LVCMOS25             |       | 12       | SLOW |              |          |          |
| Result<12>                         | IOB              | OUTPUT    | LVCMOS25             |       | 12       | SLOW |              |          |          |
| Result<13>                         | IOB              | OUTPUT    | LVCMOS25             |       | 12       | SLOW |              |          |          |
| Result<14>                         | IOB              | OUTPUT    | LVCMOS25             |       | 12       | SLOW |              |          |          |
| Result<15>                         | IOB              | OUTPUT    | LVCMOS25             |       | 12       | SLOW |              |          |          |
+---------------------------------------------------------------------------------------------------------------------------------------------------------+

Section 7 - RPMs
----------------

Section 8 - Guide Report
------------------------
Guide not run on this design.

Section 9 - Area Group and Partition Summary
--------------------------------------------

Partition Implementation Status
-------------------------------

  No Partitions were found in this design.

-------------------------------

Area Group Information
----------------------

  No area groups were found in this design.

----------------------

Section 10 - Timing Report
--------------------------
A logic-level (pre-route) timing report can be generated by using Xilinx static
timing analysis tools, Timing Analyzer (GUI) or TRCE (command line), with the
mapped NCD and PCF files. Please note that this timing report will be generated
using estimated delay information. For accurate numbers, please generate a
timing report with the post Place and Route NCD file.

For more information about the Timing Analyzer, consult the Xilinx Timing
Analyzer Reference Manual; for more information about TRCE, consult the Xilinx
Command Line Tools User Guide "TRACE" chapter.

Section 11 - Configuration String Details
-----------------------------------------
Use the "-detail" map option to print out Configuration Strings

Section 12 - Control Set Information
------------------------------------
Use the "-detail" map option to print out Control Set Information.

Section 13 - Utilization by Hierarchy
-------------------------------------
Use the "-detail" map option to print out the Utilization by Hierarchy section.
