Release 14.6 - xst P.68d (lin64)
Copyright (c) 1995-2013 Xilinx, Inc.  All rights reserved.
--> 
Parameter TMPDIR set to xst/tmp


Total REAL time to Xst completion: 0.00 secs
Total CPU time to Xst completion: 0.05 secs
 
--> 
Parameter xsthdpdir set to xst


Total REAL time to Xst completion: 0.00 secs
Total CPU time to Xst completion: 0.05 secs
 
--> 

TABLE OF CONTENTS
  1) Synthesis Options Summary
  2) HDL Compilation
  3) Design Hierarchy Analysis
  4) HDL Analysis
  5) HDL Synthesis
     5.1) HDL Synthesis Report
  6) Advanced HDL Synthesis
     6.1) Advanced HDL Synthesis Report
  7) Low Level Synthesis
  8) Partition Report
  9) Final Report
	9.1) Device utilization summary
	9.2) Partition Resource Summary
	9.3) TIMING REPORT


=========================================================================
*                      Synthesis Options Summary                        *
=========================================================================
---- Source Parameters
Input File Name                    : "BehavioralAdder.prj"
Input Format                       : mixed
Ignore Synthesis Constraint File   : NO

---- Target Parameters
Output File Name                   : "BehavioralAdder"
Output Format                      : NGC
Target Device                      : xc5vlx110t-1-ff1136

---- Source Options
Top Module Name                    : BehavioralAdder
Automatic FSM Extraction           : YES
FSM Encoding Algorithm             : Auto
Safe Implementation                : No
FSM Style                          : LUT
RAM Extraction                     : Yes
RAM Style                          : Auto
ROM Extraction                     : Yes
Mux Style                          : Auto
Decoder Extraction                 : YES
Priority Encoder Extraction        : Yes
Shift Register Extraction          : YES
Logical Shifter Extraction         : YES
XOR Collapsing                     : YES
ROM Style                          : Auto
Mux Extraction                     : Yes
Resource Sharing                   : YES
Asynchronous To Synchronous        : NO
Use DSP Block                      : auto
Automatic Register Balancing       : No

---- Target Options
LUT Combining                      : Off
Reduce Control Sets                : Off
Add IO Buffers                     : YES
Global Maximum Fanout              : 100000
Add Generic Clock Buffer(BUFG)     : 32
Register Duplication               : YES
Slice Packing                      : YES
Optimize Instantiated Primitives   : NO
Use Clock Enable                   : Auto
Use Synchronous Set                : Auto
Use Synchronous Reset              : Auto
Pack IO Registers into IOBs        : Auto
Equivalent register Removal        : YES

---- General Options
Optimization Goal                  : Speed
Optimization Effort                : 1
Power Reduction                    : NO
Keep Hierarchy                     : No
Netlist Hierarchy                  : As_Optimized
RTL Output                         : Yes
Global Optimization                : AllClockNets
Read Cores                         : YES
Write Timing Constraints           : NO
Cross Clock Analysis               : NO
Hierarchy Separator                : /
Bus Delimiter                      : <>
Case Specifier                     : Maintain
Slice Utilization Ratio            : 100
BRAM Utilization Ratio             : 100
DSP48 Utilization Ratio            : 100
Verilog 2001                       : YES
Auto BRAM Packing                  : NO
Slice Utilization Ratio Delta      : 5

=========================================================================


=========================================================================
*                          HDL Compilation                              *
=========================================================================
Compiling verilog file "../../src/Adder.v" in library work
Compiling verilog file "../../src/BehavioralAdder.v" in library work
Module <Adder> compiled
Compiling verilog file "../../src/ml505top.v" in library work
Module <BehavioralAdder> compiled
Compiling verilog file "../../src/FA.v" in library work
Module <ml505top> compiled
Module <FA> compiled
No errors in compilation
Analysis of file <"BehavioralAdder.prj"> succeeded.
 

=========================================================================
*                     Design Hierarchy Analysis                         *
=========================================================================
Analyzing hierarchy for module <BehavioralAdder> in library <work> with parameters.
	Width = "00000000000000000000000000010000"


=========================================================================
*                            HDL Analysis                               *
=========================================================================
Analyzing top module <BehavioralAdder>.
	Width = 32'sb00000000000000000000000000010000
Module <BehavioralAdder> is correct for synthesis.
 

=========================================================================
*                           HDL Synthesis                               *
=========================================================================

Performing bidirectional port resolution...

Synthesizing Unit <BehavioralAdder>.
    Related source file is "../../src/BehavioralAdder.v".
    Found 16-bit adder carry out for signal <AUX_1$addsub0000>.
    Summary:
	inferred   1 Adder/Subtractor(s).
Unit <BehavioralAdder> synthesized.


=========================================================================
HDL Synthesis Report

Macro Statistics
# Adders/Subtractors                                   : 1
 16-bit adder carry out                                : 1

=========================================================================

=========================================================================
*                       Advanced HDL Synthesis                          *
=========================================================================


=========================================================================
Advanced HDL Synthesis Report

Macro Statistics
# Adders/Subtractors                                   : 1
 16-bit adder carry out                                : 1

=========================================================================

=========================================================================
*                         Low Level Synthesis                           *
=========================================================================

Optimizing unit <BehavioralAdder> ...

Mapping all equations...
Building and optimizing final netlist ...
Found area constraint ratio of 100 (+ 5) on block BehavioralAdder, actual ratio is 0.

Final Macro Processing ...

=========================================================================
Final Register Report

Found no macro
=========================================================================

=========================================================================
*                           Partition Report                            *
=========================================================================

Partition Implementation Status
-------------------------------

  No Partitions were found in this design.

-------------------------------

=========================================================================
*                            Final Report                               *
=========================================================================
Final Results
RTL Top Level Output File Name     : BehavioralAdder.ngr
Top Level Output File Name         : BehavioralAdder
Output Format                      : NGC
Optimization Goal                  : Speed
Keep Hierarchy                     : No

Design Statistics
# IOs                              : 49

Cell Usage :
# BELS                             : 49
#      GND                         : 1
#      LUT2                        : 16
#      MUXCY                       : 16
#      XORCY                       : 16
# IO Buffers                       : 49
#      IBUF                        : 32
#      OBUF                        : 17
=========================================================================

Device utilization summary:
---------------------------

Selected Device : 5vlx110tff1136-1 


Slice Logic Utilization: 
 Number of Slice LUTs:                   16  out of  69120     0%  
    Number used as Logic:                16  out of  69120     0%  

Slice Logic Distribution: 
 Number of LUT Flip Flop pairs used:     16
   Number with an unused Flip Flop:      16  out of     16   100%  
   Number with an unused LUT:             0  out of     16     0%  
   Number of fully used LUT-FF pairs:     0  out of     16     0%  
   Number of unique control sets:         0

IO Utilization: 
 Number of IOs:                          49
 Number of bonded IOBs:                  49  out of    640     7%  

Specific Feature Utilization:

---------------------------
Partition Resource Summary:
---------------------------

  No Partitions were found in this design.

---------------------------


=========================================================================
TIMING REPORT

NOTE: THESE TIMING NUMBERS ARE ONLY A SYNTHESIS ESTIMATE.
      FOR ACCURATE TIMING INFORMATION PLEASE REFER TO THE TRACE REPORT
      GENERATED AFTER PLACE-and-ROUTE.

Clock Information:
------------------
No clock signals found in this design

Asynchronous Control Signals Information:
----------------------------------------
No asynchronous control signals found in this design

Timing Summary:
---------------
Speed Grade: -1

   Minimum period: No path found
   Minimum input arrival time before clock: No path found
   Maximum output required time after clock: No path found
   Maximum combinational path delay: 5.369ns

Timing Detail:
--------------
All values displayed in nanoseconds (ns)

=========================================================================
Timing constraint: Default path analysis
  Total number of paths / destination ports: 440 / 17
-------------------------------------------------------------------------
Delay:               5.369ns (Levels of Logic = 19)
  Source:            A<0> (PAD)
  Destination:       Result<15> (PAD)

  Data Path: A<0> to Result<15>
                                Gate     Net
    Cell:in->out      fanout   Delay   Delay  Logical Name (Net Name)
    ----------------------------------------  ------------
     IBUF:I->O             1   0.818   0.576  A_0_IBUF (A_0_IBUF)
     LUT2:I0->O            1   0.094   0.000  Madd_AUX_1_addsub0000_lut<0> (Madd_AUX_1_addsub0000_lut<0>)
     MUXCY:S->O            1   0.372   0.000  Madd_AUX_1_addsub0000_cy<0> (Madd_AUX_1_addsub0000_cy<0>)
     MUXCY:CI->O           1   0.026   0.000  Madd_AUX_1_addsub0000_cy<1> (Madd_AUX_1_addsub0000_cy<1>)
     MUXCY:CI->O           1   0.026   0.000  Madd_AUX_1_addsub0000_cy<2> (Madd_AUX_1_addsub0000_cy<2>)
     MUXCY:CI->O           1   0.026   0.000  Madd_AUX_1_addsub0000_cy<3> (Madd_AUX_1_addsub0000_cy<3>)
     MUXCY:CI->O           1   0.026   0.000  Madd_AUX_1_addsub0000_cy<4> (Madd_AUX_1_addsub0000_cy<4>)
     MUXCY:CI->O           1   0.026   0.000  Madd_AUX_1_addsub0000_cy<5> (Madd_AUX_1_addsub0000_cy<5>)
     MUXCY:CI->O           1   0.026   0.000  Madd_AUX_1_addsub0000_cy<6> (Madd_AUX_1_addsub0000_cy<6>)
     MUXCY:CI->O           1   0.026   0.000  Madd_AUX_1_addsub0000_cy<7> (Madd_AUX_1_addsub0000_cy<7>)
     MUXCY:CI->O           1   0.026   0.000  Madd_AUX_1_addsub0000_cy<8> (Madd_AUX_1_addsub0000_cy<8>)
     MUXCY:CI->O           1   0.026   0.000  Madd_AUX_1_addsub0000_cy<9> (Madd_AUX_1_addsub0000_cy<9>)
     MUXCY:CI->O           1   0.026   0.000  Madd_AUX_1_addsub0000_cy<10> (Madd_AUX_1_addsub0000_cy<10>)
     MUXCY:CI->O           1   0.026   0.000  Madd_AUX_1_addsub0000_cy<11> (Madd_AUX_1_addsub0000_cy<11>)
     MUXCY:CI->O           1   0.026   0.000  Madd_AUX_1_addsub0000_cy<12> (Madd_AUX_1_addsub0000_cy<12>)
     MUXCY:CI->O           1   0.026   0.000  Madd_AUX_1_addsub0000_cy<13> (Madd_AUX_1_addsub0000_cy<13>)
     MUXCY:CI->O           1   0.026   0.000  Madd_AUX_1_addsub0000_cy<14> (Madd_AUX_1_addsub0000_cy<14>)
     XORCY:CI->O           1   0.357   0.336  Madd_AUX_1_addsub0000_xor<15> (Result_15_OBUF)
     OBUF:I->O                 2.452          Result_15_OBUF (Result<15>)
    ----------------------------------------
    Total                      5.369ns (4.457ns logic, 0.912ns route)
                                       (83.0% logic, 17.0% route)

=========================================================================


Total REAL time to Xst completion: 5.00 secs
Total CPU time to Xst completion: 5.22 secs
 
--> 


Total memory usage is 638860 kilobytes

Number of errors   :    0 (   0 filtered)
Number of warnings :    0 (   0 filtered)
Number of infos    :    0 (   0 filtered)

