Release 14.6 - xst P.68d (lin64)
Copyright (c) 1995-2013 Xilinx, Inc.  All rights reserved.
--> 
Parameter TMPDIR set to xst/tmp


Total REAL time to Xst completion: 0.00 secs
Total CPU time to Xst completion: 0.05 secs
 
--> 
Parameter xsthdpdir set to xst


Total REAL time to Xst completion: 0.00 secs
Total CPU time to Xst completion: 0.05 secs
 
--> 

TABLE OF CONTENTS
  1) Synthesis Options Summary
  2) HDL Compilation
  3) Design Hierarchy Analysis
  4) HDL Analysis
  5) HDL Synthesis
     5.1) HDL Synthesis Report
  6) Advanced HDL Synthesis
     6.1) Advanced HDL Synthesis Report
  7) Low Level Synthesis
  8) Partition Report
  9) Final Report
	9.1) Device utilization summary
	9.2) Partition Resource Summary
	9.3) TIMING REPORT


=========================================================================
*                      Synthesis Options Summary                        *
=========================================================================
---- Source Parameters
Input File Name                    : "Lab3Counter.prj"
Input Format                       : mixed
Ignore Synthesis Constraint File   : NO

---- Target Parameters
Output File Name                   : "Lab3Counter"
Output Format                      : NGC
Target Device                      : xc5vlx110t-1-ff1136

---- Source Options
Top Module Name                    : Lab3Counter
Automatic FSM Extraction           : YES
FSM Encoding Algorithm             : Auto
Safe Implementation                : No
FSM Style                          : LUT
RAM Extraction                     : Yes
RAM Style                          : Auto
ROM Extraction                     : Yes
Mux Style                          : Auto
Decoder Extraction                 : YES
Priority Encoder Extraction        : Yes
Shift Register Extraction          : YES
Logical Shifter Extraction         : YES
XOR Collapsing                     : YES
ROM Style                          : Auto
Mux Extraction                     : Yes
Resource Sharing                   : YES
Asynchronous To Synchronous        : NO
Use DSP Block                      : Auto
Automatic Register Balancing       : No

---- Target Options
LUT Combining                      : Off
Reduce Control Sets                : Off
Add IO Buffers                     : YES
Global Maximum Fanout              : 100000
Add Generic Clock Buffer(BUFG)     : 32
Register Duplication               : YES
Slice Packing                      : YES
Optimize Instantiated Primitives   : NO
Use Clock Enable                   : Auto
Use Synchronous Set                : Auto
Use Synchronous Reset              : Auto
Pack IO Registers into IOBs        : Auto
Equivalent register Removal        : YES

---- General Options
Optimization Goal                  : Speed
Optimization Effort                : 1
Power Reduction                    : NO
Keep Hierarchy                     : No
Netlist Hierarchy                  : As_Optimized
RTL Output                         : Yes
Global Optimization                : AllClockNets
Read Cores                         : YES
Write Timing Constraints           : NO
Cross Clock Analysis               : NO
Hierarchy Separator                : /
Bus Delimiter                      : <>
Case Specifier                     : Maintain
Slice Utilization Ratio            : 100
BRAM Utilization Ratio             : 100
DSP48 Utilization Ratio            : 100
Verilog 2001                       : YES
Auto BRAM Packing                  : NO
Slice Utilization Ratio Delta      : 5

=========================================================================


=========================================================================
*                          HDL Compilation                              *
=========================================================================
Compiling verilog file "../../src/ButtonParse.v" in library work
Compiling verilog file "../../src/Const.v" in library work
Compiling verilog file "../../src/Debouncer.v" in library work
Compiling verilog include file "../../src/Const.v"
Module <ButtonParse> compiled
Compiling verilog file "../../src/EdgeDetect.v" in library work
Module <Debouncer> compiled
Compiling verilog file "../../src/FPGA_TOP_ML505.v" in library work
Module <EdgeDetect> compiled
Compiling verilog file "../../src/Lab3Counter.v" in library work
Module <FPGA_TOP_ML505> compiled
Compiling verilog file "../../src/Lab3Lock.v" in library work
Module <Lab3Counter> compiled
Compiling verilog file "../../src/PulseExpander.v" in library work
Compiling verilog include file "../../src/Const.v"
Module <Lab3Lock> compiled
Compiling verilog file "../../src/Register.v" in library work
Module <PulseExpander> compiled
Compiling verilog file "../../src/RotaryEncoder.v" in library work
Module <Register> compiled
Module <RotaryEncoder> compiled
No errors in compilation
Analysis of file <"Lab3Counter.prj"> succeeded.
 

=========================================================================
*                     Design Hierarchy Analysis                         *
=========================================================================
Analyzing hierarchy for module <Lab3Counter> in library <work>.


=========================================================================
*                            HDL Analysis                               *
=========================================================================
Analyzing top module <Lab3Counter>.
Module <Lab3Counter> is correct for synthesis.
 

=========================================================================
*                           HDL Synthesis                               *
=========================================================================

Performing bidirectional port resolution...

Synthesizing Unit <Lab3Counter>.
    Related source file is "../../src/Lab3Counter.v".
    Found 4-bit updown counter for signal <current_count>.
    Found 6-bit up counter for signal <decrement_count>.
    Found 6-bit up counter for signal <increment_count>.
    Summary:
	inferred   3 Counter(s).
Unit <Lab3Counter> synthesized.


=========================================================================
HDL Synthesis Report

Macro Statistics
# Counters                                             : 3
 4-bit updown counter                                  : 1
 6-bit up counter                                      : 2

=========================================================================

=========================================================================
*                       Advanced HDL Synthesis                          *
=========================================================================


=========================================================================
Advanced HDL Synthesis Report

Macro Statistics
# Counters                                             : 3
 4-bit updown counter                                  : 1
 6-bit up counter                                      : 2

=========================================================================

=========================================================================
*                         Low Level Synthesis                           *
=========================================================================
WARNING:Xst:2677 - Node <decrement_count_2> of sequential type is unconnected in block <Lab3Counter>.
WARNING:Xst:2677 - Node <decrement_count_3> of sequential type is unconnected in block <Lab3Counter>.
WARNING:Xst:2677 - Node <decrement_count_4> of sequential type is unconnected in block <Lab3Counter>.
WARNING:Xst:2677 - Node <decrement_count_5> of sequential type is unconnected in block <Lab3Counter>.
WARNING:Xst:2677 - Node <increment_count_2> of sequential type is unconnected in block <Lab3Counter>.
WARNING:Xst:2677 - Node <increment_count_3> of sequential type is unconnected in block <Lab3Counter>.
WARNING:Xst:2677 - Node <increment_count_4> of sequential type is unconnected in block <Lab3Counter>.
WARNING:Xst:2677 - Node <increment_count_5> of sequential type is unconnected in block <Lab3Counter>.

Optimizing unit <Lab3Counter> ...

Mapping all equations...
Building and optimizing final netlist ...
Found area constraint ratio of 100 (+ 5) on block Lab3Counter, actual ratio is 0.

Final Macro Processing ...

=========================================================================
Final Register Report

Macro Statistics
# Registers                                            : 8
 Flip-Flops                                            : 8

=========================================================================

=========================================================================
*                           Partition Report                            *
=========================================================================

Partition Implementation Status
-------------------------------

  No Partitions were found in this design.

-------------------------------

=========================================================================
*                            Final Report                               *
=========================================================================
Final Results
RTL Top Level Output File Name     : Lab3Counter.ngr
Top Level Output File Name         : Lab3Counter
Output Format                      : NGC
Optimization Goal                  : Speed
Keep Hierarchy                     : No

Design Statistics
# IOs                              : 8

Cell Usage :
# BELS                             : 10
#      INV                         : 2
#      LUT2                        : 4
#      LUT4                        : 2
#      LUT5                        : 1
#      LUT6                        : 1
# FlipFlops/Latches                : 8
#      FDR                         : 2
#      FDRE                        : 6
# Clock Buffers                    : 1
#      BUFGP                       : 1
# IO Buffers                       : 7
#      IBUF                        : 3
#      OBUF                        : 4
=========================================================================

Device utilization summary:
---------------------------

Selected Device : 5vlx110tff1136-1 


Slice Logic Utilization: 
 Number of Slice Registers:               8  out of  69120     0%  
 Number of Slice LUTs:                   10  out of  69120     0%  
    Number used as Logic:                10  out of  69120     0%  

Slice Logic Distribution: 
 Number of LUT Flip Flop pairs used:     10
   Number with an unused Flip Flop:       2  out of     10    20%  
   Number with an unused LUT:             0  out of     10     0%  
   Number of fully used LUT-FF pairs:     8  out of     10    80%  
   Number of unique control sets:         4

IO Utilization: 
 Number of IOs:                           8
 Number of bonded IOBs:                   8  out of    640     1%  

Specific Feature Utilization:
 Number of BUFG/BUFGCTRLs:                1  out of     32     3%  

---------------------------
Partition Resource Summary:
---------------------------

  No Partitions were found in this design.

---------------------------


=========================================================================
TIMING REPORT

NOTE: THESE TIMING NUMBERS ARE ONLY A SYNTHESIS ESTIMATE.
      FOR ACCURATE TIMING INFORMATION PLEASE REFER TO THE TRACE REPORT
      GENERATED AFTER PLACE-and-ROUTE.

Clock Information:
------------------
-----------------------------------+------------------------+-------+
Clock Signal                       | Clock buffer(FF name)  | Load  |
-----------------------------------+------------------------+-------+
Clock                              | BUFGP                  | 8     |
-----------------------------------+------------------------+-------+

Asynchronous Control Signals Information:
----------------------------------------
No asynchronous control signals found in this design

Timing Summary:
---------------
Speed Grade: -1

   Minimum period: 1.949ns (Maximum Frequency: 513.084MHz)
   Minimum input arrival time before clock: 2.576ns
   Maximum output required time after clock: 3.281ns
   Maximum combinational path delay: No path found

Timing Detail:
--------------
All values displayed in nanoseconds (ns)

=========================================================================
Timing constraint: Default period analysis for Clock 'Clock'
  Clock period: 1.949ns (frequency: 513.084MHz)
  Total number of paths / destination ports: 32 / 10
-------------------------------------------------------------------------
Delay:               1.949ns (Levels of Logic = 2)
  Source:            decrement_count_1 (FF)
  Destination:       current_count_0 (FF)
  Source Clock:      Clock rising
  Destination Clock: Clock rising

  Data Path: decrement_count_1 to current_count_0
                                Gate     Net
    Cell:in->out      fanout   Delay   Delay  Logical Name (Net Name)
    ----------------------------------------  ------------
     FDRE:C->Q             2   0.471   0.794  decrement_count_1 (decrement_count_1)
     LUT6:I2->O            4   0.094   0.496  current_count_not00011 (current_count_not0001)
     LUT4:I3->O            1   0.094   0.000  current_count_1_rstpot (current_count_1_rstpot)
     FDR:D                    -0.018          current_count_1
    ----------------------------------------
    Total                      1.949ns (0.659ns logic, 1.290ns route)
                                       (33.8% logic, 66.2% route)

=========================================================================
Timing constraint: Default OFFSET IN BEFORE for Clock 'Clock'
  Total number of paths / destination ports: 25 / 18
-------------------------------------------------------------------------
Offset:              2.576ns (Levels of Logic = 3)
  Source:            Decrement (PAD)
  Destination:       current_count_0 (FF)
  Destination Clock: Clock rising

  Data Path: Decrement to current_count_0
                                Gate     Net
    Cell:in->out      fanout   Delay   Delay  Logical Name (Net Name)
    ----------------------------------------  ------------
     IBUF:I->O             2   0.818   1.074  Decrement_IBUF (Decrement_IBUF)
     LUT6:I0->O            4   0.094   0.496  current_count_not00011 (current_count_not0001)
     LUT4:I3->O            1   0.094   0.000  current_count_1_rstpot (current_count_1_rstpot)
     FDR:D                    -0.018          current_count_1
    ----------------------------------------
    Total                      2.576ns (1.006ns logic, 1.570ns route)
                                       (39.1% logic, 60.9% route)

=========================================================================
Timing constraint: Default OFFSET OUT AFTER for Clock 'Clock'
  Total number of paths / destination ports: 4 / 4
-------------------------------------------------------------------------
Offset:              3.281ns (Levels of Logic = 1)
  Source:            current_count_0 (FF)
  Destination:       Count<0> (PAD)
  Source Clock:      Clock rising

  Data Path: current_count_0 to Count<0>
                                Gate     Net
    Cell:in->out      fanout   Delay   Delay  Logical Name (Net Name)
    ----------------------------------------  ------------
     FDR:C->Q              5   0.471   0.358  current_count_0 (current_count_0)
     OBUF:I->O                 2.452          Count_0_OBUF (Count<0>)
    ----------------------------------------
    Total                      3.281ns (2.923ns logic, 0.358ns route)
                                       (89.1% logic, 10.9% route)

=========================================================================


Total REAL time to Xst completion: 5.00 secs
Total CPU time to Xst completion: 5.07 secs
 
--> 


Total memory usage is 638644 kilobytes

Number of errors   :    0 (   0 filtered)
Number of warnings :    8 (   0 filtered)
Number of infos    :    0 (   0 filtered)

